# JRE version: OpenJDK Runtime Environment (8.0_212-b04) (build 1.8.0_212-1-ojdkbuild-b04)
# Java VM: OpenJDK 64-Bit Server VM (25.212-b04 mixed mode windows-amd64 compressed oops)
Heap:
 PSYoungGen      total 176640K, used 103140K [0x000000078ab00000, 0x000000079f300000, 0x00000007c0000000)
  eden space 29696K, 0% used [0x000000078ab00000,0x000000078ab00000,0x000000078c800000)
  from space 146944K, 70% used [0x0000000795b80000,0x000000079c039378,0x000000079eb00000)
  to   space 151040K, 0% used [0x000000078c800000,0x000000078c800000,0x0000000795b80000)
 ParOldGen       total 216576K, used 216250K [0x0000000720000000, 0x000000072d380000, 0x000000078ab00000)
  object space 216576K, 99% used [0x0000000720000000,0x000000072d32ea28,0x000000072d380000)
 Metaspace       used 6141K, capacity 6168K, committed 6272K, reserved 1056768K
  class space    used 579K, capacity 588K, committed 640K, reserved 1048576K
GC Heap History (189 events):
Event: 0.378 GC heap before
{Heap before GC invocations=1 (full 0):
 PSYoungGen      total 2048K, used 1536K [0x000000078ab00000, 0x000000078ad80000, 0x00000007c0000000)
  eden space 1536K, 100% used [0x000000078ab00000,0x000000078ac80000,0x000000078ac80000)
  from space 512K, 0% used [0x000000078ad00000,0x000000078ad00000,0x000000078ad80000)
  to   space 512K, 0% used [0x000000078ac80000,0x000000078ac80000,0x000000078ad00000)
 ParOldGen       total 5632K, used 0K [0x0000000720000000, 0x0000000720580000, 0x000000078ab00000)
  object space 5632K, 0% used [0x0000000720000000,0x0000000720000000,0x0000000720580000)
 Metaspace       used 4514K, capacity 4552K, committed 4608K, reserved 1056768K
  class space    used 452K, capacity 456K, committed 512K, reserved 1048576K
Event: 0.383 GC heap after
Heap after GC invocations=1 (full 0):
 PSYoungGen      total 2048K, used 496K [0x000000078ab00000, 0x000000078af00000, 0x00000007c0000000)
  eden space 1536K, 0% used [0x000000078ab00000,0x000000078ab00000,0x000000078ac80000)
  from space 512K, 96% used [0x000000078ac80000,0x000000078acfc010,0x000000078ad00000)
  to   space 512K, 0% used [0x000000078ae80000,0x000000078ae80000,0x000000078af00000)
 ParOldGen       total 5632K, used 368K [0x0000000720000000, 0x0000000720580000, 0x000000078ab00000)
  object space 5632K, 6% used [0x0000000720000000,0x000000072005c000,0x0000000720580000)
 Metaspace       used 4514K, capacity 4552K, committed 4608K, reserved 1056768K
  class space    used 452K, capacity 456K, committed 512K, reserved 1048576K
}
Event: 0.432 GC heap before
{Heap before GC invocations=2 (full 0):
 PSYoungGen      total 2048K, used 2032K [0x000000078ab00000, 0x000000078af00000, 0x00000007c0000000)
  eden space 1536K, 100% used [0x000000078ab00000,0x000000078ac80000,0x000000078ac80000)
  from space 512K, 96% used [0x000000078ac80000,0x000000078acfc010,0x000000078ad00000)
  to   space 512K, 0% used [0x000000078ae80000,0x000000078ae80000,0x000000078af00000)
 ParOldGen       total 5632K, used 368K [0x0000000720000000, 0x0000000720580000, 0x000000078ab00000)
  object space 5632K, 6% used [0x0000000720000000,0x000000072005c000,0x0000000720580000)
 Metaspace       used 4674K, capacity 4716K, committed 4864K, reserved 1056768K
  class space    used 471K, capacity 488K, committed 512K, reserved 1048576K
Event: 0.451 GC heap after
Heap after GC invocations=2 (full 0):
 PSYoungGen      total 3584K, used 480K [0x000000078ab00000, 0x000000078af00000, 0x00000007c0000000)
  eden space 3072K, 0% used [0x000000078ab00000,0x000000078ab00000,0x000000078ae00000)
  from space 512K, 93% used [0x000000078ae80000,0x000000078aef8130,0x000000078af00000)
  to   space 512K, 0% used [0x000000078ae00000,0x000000078ae00000,0x000000078ae80000)
 ParOldGen       total 5632K, used 1080K [0x0000000720000000, 0x0000000720580000, 0x000000078ab00000)
  object space 5632K, 19% used [0x0000000720000000,0x000000072010e030,0x0000000720580000)
 Metaspace       used 4674K, capacity 4716K, committed 4864K, reserved 1056768K
  class space    used 471K, capacity 488K, committed 512K, reserved 1048576K
}
Event: 0.468 GC heap before
{Heap before GC invocations=3 (full 0):
 PSYoungGen      total 3584K, used 3552K [0x000000078ab00000, 0x000000078af00000, 0x00000007c0000000)
  eden space 3072K, 100% used [0x000000078ab00000,0x000000078ae00000,0x000000078ae00000)
  from space 512K, 93% used [0x000000078ae80000,0x000000078aef8130,0x000000078af00000)
  to   space 512K, 0% used [0x000000078ae00000,0x000000078ae00000,0x000000078ae80000)
 ParOldGen       total 5632K, used 1080K [0x0000000720000000, 0x0000000720580000, 0x000000078ab00000)
  object space 5632K, 19% used [0x0000000720000000,0x000000072010e030,0x0000000720580000)
 Metaspace       used 4674K, capacity 4716K, committed 4864K, reserved 1056768K
  class space    used 471K, capacity 488K, committed 512K, reserved 1048576K
Event: 0.472 GC heap after
Heap after GC invocations=3 (full 0):
 PSYoungGen      total 3584K, used 500K [0x000000078ab00000, 0x000000078b200000, 0x00000007c0000000)
  eden space 3072K, 0% used [0x000000078ab00000,0x000000078ab00000,0x000000078ae00000)
  from space 512K, 97% used [0x000000078ae00000,0x000000078ae7d288,0x000000078ae80000)
  to   space 512K, 0% used [0x000000078b180000,0x000000078b180000,0x000000078b200000)
 ParOldGen       total 5632K, used 2512K [0x0000000720000000, 0x0000000720580000, 0x000000078ab00000)
  object space 5632K, 44% used [0x0000000720000000,0x0000000720274030,0x0000000720580000)
 Metaspace       used 4674K, capacity 4716K, committed 4864K, reserved 1056768K
  class space    used 471K, capacity 488K, committed 512K, reserved 1048576K
}
Event: 0.486 GC heap before
{Heap before GC invocations=4 (full 0):
 PSYoungGen      total 3584K, used 3572K [0x000000078ab00000, 0x000000078b200000, 0x00000007c0000000)
  eden space 3072K, 100% used [0x000000078ab00000,0x000000078ae00000,0x000000078ae00000)
  from space 512K, 97% used [0x000000078ae00000,0x000000078ae7d288,0x000000078ae80000)
  to   space 512K, 0% used [0x000000078b180000,0x000000078b180000,0x000000078b200000)
 ParOldGen       total 5632K, used 2512K [0x0000000720000000, 0x0000000720580000, 0x000000078ab00000)
  object space 5632K, 44% used [0x0000000720000000,0x0000000720274030,0x0000000720580000)
 Metaspace       used 4674K, capacity 4716K, committed 4864K, reserved 1056768K
  class space    used 471K, capacity 488K, committed 512K, reserved 1048576K
Event: 0.504 GC heap after
Heap after GC invocations=4 (full 0):
 PSYoungGen      total 6656K, used 502K [0x000000078ab00000, 0x000000078b200000, 0x00000007c0000000)
  eden space 6144K, 0% used [0x000000078ab00000,0x000000078ab00000,0x000000078b100000)
  from space 512K, 98% used [0x000000078b180000,0x000000078b1fdba8,0x000000078b200000)
  to   space 512K, 0% used [0x000000078b100000,0x000000078b100000,0x000000078b180000)
 ParOldGen       total 5632K, used 3944K [0x0000000720000000, 0x0000000720580000, 0x000000078ab00000)
  object space 5632K, 70% used [0x0000000720000000,0x00000007203da030,0x0000000720580000)
 Metaspace       used 4674K, capacity 4716K, committed 4864K, reserved 1056768K
  class space    used 471K, capacity 488K, committed 512K, reserved 1048576K
}
Event: 0.504 GC heap before
{Heap before GC invocations=5 (full 1):
 PSYoungGen      total 6656K, used 502K [0x000000078ab00000, 0x000000078b200000, 0x00000007c0000000)
  eden space 6144K, 0% used [0x000000078ab00000,0x000000078ab00000,0x000000078b100000)
  from space 512K, 98% used [0x000000078b180000,0x000000078b1fdba8,0x000000078b200000)
  to   space 512K, 0% used [0x000000078b100000,0x000000078b100000,0x000000078b180000)
 ParOldGen       total 5632K, used 3944K [0x0000000720000000, 0x0000000720580000, 0x000000078ab00000)
  object space 5632K, 70% used [0x0000000720000000,0x00000007203da030,0x0000000720580000)
 Metaspace       used 4674K, capacity 4716K, committed 4864K, reserved 1056768K
  class space    used 471K, capacity 488K, committed 512K, reserved 1048576K
Event: 0.545 GC heap after
Heap after GC invocations=5 (full 1):
 PSYoungGen      total 6656K, used 0K [0x000000078ab00000, 0x000000078b200000, 0x00000007c0000000)
  eden space 6144K, 0% used [0x000000078ab00000,0x000000078ab00000,0x000000078b100000)
  from space 512K, 0% used [0x000000078b180000,0x000000078b180000,0x000000078b200000)
  to   space 512K, 0% used [0x000000078b100000,0x000000078b100000,0x000000078b180000)
 ParOldGen       total 8704K, used 4347K [0x0000000720000000, 0x0000000720880000, 0x000000078ab00000)
  object space 8704K, 49% used [0x0000000720000000,0x000000072043eca8,0x0000000720880000)
 Metaspace       used 4674K, capacity 4716K, committed 4864K, reserved 1056768K
  class space    used 471K, capacity 488K, committed 512K, reserved 1048576K
}
Event: 0.568 GC heap before
{Heap before GC invocations=6 (full 1):
 PSYoungGen      total 6656K, used 6144K [0x000000078ab00000, 0x000000078b200000, 0x00000007c0000000)
  eden space 6144K, 100% used [0x000000078ab00000,0x000000078b100000,0x000000078b100000)
  from space 512K, 0% used [0x000000078b180000,0x000000078b180000,0x000000078b200000)
  to   space 512K, 0% used [0x000000078b100000,0x000000078b100000,0x000000078b180000)
 ParOldGen       total 8704K, used 4347K [0x0000000720000000, 0x0000000720880000, 0x000000078ab00000)
  object space 8704K, 49% used [0x0000000720000000,0x000000072043eca8,0x0000000720880000)
 Metaspace       used 4674K, capacity 4716K, committed 4864K, reserved 1056768K
  class space    used 471K, capacity 488K, committed 512K, reserved 1048576K
Event: 0.574 GC heap after
Heap after GC invocations=6 (full 1):
 PSYoungGen      total 6656K, used 507K [0x000000078ab00000, 0x000000078bc80000, 0x00000007c0000000)
  eden space 6144K, 0% used [0x000000078ab00000,0x000000078ab00000,0x000000078b100000)
  from space 512K, 99% used [0x000000078b100000,0x000000078b17ee18,0x000000078b180000)
  to   space 3584K, 0% used [0x000000078b900000,0x000000078b900000,0x000000078bc80000)
 ParOldGen       total 8704K, used 6715K [0x0000000720000000, 0x0000000720880000, 0x000000078ab00000)
  object space 8704K, 77% used [0x0000000720000000,0x000000072068eca8,0x0000000720880000)
 Metaspace       used 4674K, capacity 4716K, committed 4864K, reserved 1056768K
  class space    used 471K, capacity 488K, committed 512K, reserved 1048576K
}
Event: 0.574 GC heap before
{Heap before GC invocations=7 (full 2):
 PSYoungGen      total 6656K, used 507K [0x000000078ab00000, 0x000000078bc80000, 0x00000007c0000000)
  eden space 6144K, 0% used [0x000000078ab00000,0x000000078ab00000,0x000000078b100000)
  from space 512K, 99% used [0x000000078b100000,0x000000078b17ee18,0x000000078b180000)
  to   space 3584K, 0% used [0x000000078b900000,0x000000078b900000,0x000000078bc80000)
 ParOldGen       total 8704K, used 6715K [0x0000000720000000, 0x0000000720880000, 0x000000078ab00000)
  object space 8704K, 77% used [0x0000000720000000,0x000000072068eca8,0x0000000720880000)
 Metaspace       used 4674K, capacity 4716K, committed 4864K, reserved 1056768K
  class space    used 471K, capacity 488K, committed 512K, reserved 1048576K
Event: 0.618 GC heap after
Heap after GC invocations=7 (full 2):
 PSYoungGen      total 6656K, used 0K [0x000000078ab00000, 0x000000078bc80000, 0x00000007c0000000)
  eden space 6144K, 0% used [0x000000078ab00000,0x000000078ab00000,0x000000078b100000)
  from space 512K, 0% used [0x000000078b100000,0x000000078b100000,0x000000078b180000)
  to   space 3584K, 0% used [0x000000078b900000,0x000000078b900000,0x000000078bc80000)
 ParOldGen       total 13824K, used 7127K [0x0000000720000000, 0x0000000720d80000, 0x000000078ab00000)
  object space 13824K, 51% used [0x0000000720000000,0x00000007206f5dd0,0x0000000720d80000)
 Metaspace       used 4674K, capacity 4716K, committed 4864K, reserved 1056768K
  class space    used 471K, capacity 488K, committed 512K, reserved 1048576K
}
Event: 0.641 GC heap before
{Heap before GC invocations=8 (full 2):
 PSYoungGen      total 6656K, used 6144K [0x000000078ab00000, 0x000000078bc80000, 0x00000007c0000000)
  eden space 6144K, 100% used [0x000000078ab00000,0x000000078b100000,0x000000078b100000)
  from space 512K, 0% used [0x000000078b100000,0x000000078b100000,0x000000078b180000)
  to   space 3584K, 0% used [0x000000078b900000,0x000000078b900000,0x000000078bc80000)
 ParOldGen       total 13824K, used 7127K [0x0000000720000000, 0x0000000720d80000, 0x000000078ab00000)
  object space 13824K, 51% used [0x0000000720000000,0x00000007206f5dd0,0x0000000720d80000)
 Metaspace       used 4674K, capacity 4716K, committed 4864K, reserved 1056768K
  class space    used 471K, capacity 488K, committed 512K, reserved 1048576K
Event: 0.647 GC heap after
Heap after GC invocations=8 (full 2):
 PSYoungGen      total 11776K, used 3001K [0x000000078ab00000, 0x000000078bc00000, 0x00000007c0000000)
  eden space 8704K, 0% used [0x000000078ab00000,0x000000078ab00000,0x000000078b380000)
  from space 3072K, 97% used [0x000000078b900000,0x000000078bbee520,0x000000078bc00000)
  to   space 4096K, 0% used [0x000000078b400000,0x000000078b400000,0x000000078b800000)
 ParOldGen       total 13824K, used 7127K [0x0000000720000000, 0x0000000720d80000, 0x000000078ab00000)
  object space 13824K, 51% used [0x0000000720000000,0x00000007206f5dd0,0x0000000720d80000)
 Metaspace       used 4674K, capacity 4716K, committed 4864K, reserved 1056768K
  class space    used 471K, capacity 488K, committed 512K, reserved 1048576K
}
Event: 0.733 GC heap before
{Heap before GC invocations=9 (full 2):
 PSYoungGen      total 11776K, used 11705K [0x000000078ab00000, 0x000000078bc00000, 0x00000007c0000000)
  eden space 8704K, 100% used [0x000000078ab00000,0x000000078b380000,0x000000078b380000)
  from space 3072K, 97% used [0x000000078b900000,0x000000078bbee520,0x000000078bc00000)
  to   space 4096K, 0% used [0x000000078b400000,0x000000078b400000,0x000000078b800000)
 ParOldGen       total 13824K, used 7127K [0x0000000720000000, 0x0000000720d80000, 0x000000078ab00000)
  object space 13824K, 51% used [0x0000000720000000,0x00000007206f5dd0,0x0000000720d80000)
 Metaspace       used 4778K, capacity 4844K, committed 5120K, reserved 1056768K
  class space    used 476K, capacity 488K, committed 512K, reserved 1048576K
Event: 0.748 GC heap after
Heap after GC invocations=9 (full 2):
 PSYoungGen      total 13312K, used 4090K [0x000000078ab00000, 0x000000078c280000, 0x00000007c0000000)
  eden space 9216K, 0% used [0x000000078ab00000,0x000000078ab00000,0x000000078b400000)
  from space 4096K, 99% used [0x000000078b400000,0x000000078b7fea18,0x000000078b800000)
  to   space 6144K, 0% used [0x000000078bc80000,0x000000078bc80000,0x000000078c280000)
 ParOldGen       total 13824K, used 9535K [0x0000000720000000, 0x0000000720d80000, 0x000000078ab00000)
  object space 13824K, 68% used [0x0000000720000000,0x000000072094fdd0,0x0000000720d80000)
 Metaspace       used 4778K, capacity 4844K, committed 5120K, reserved 1056768K
  class space    used 476K, capacity 488K, committed 512K, reserved 1048576K
}
Event: 0.791 GC heap before
{Heap before GC invocations=10 (full 2):
 PSYoungGen      total 13312K, used 13274K [0x000000078ab00000, 0x000000078c280000, 0x00000007c0000000)
  eden space 9216K, 99% used [0x000000078ab00000,0x000000078b3f80e8,0x000000078b400000)
  from space 4096K, 99% used [0x000000078b400000,0x000000078b7fea18,0x000000078b800000)
  to   space 6144K, 0% used [0x000000078bc80000,0x000000078bc80000,0x000000078c280000)
 ParOldGen       total 13824K, used 9535K [0x0000000720000000, 0x0000000720d80000, 0x000000078ab00000)
  object space 13824K, 68% used [0x0000000720000000,0x000000072094fdd0,0x0000000720d80000)
 Metaspace       used 4835K, capacity 4844K, committed 5120K, reserved 1056768K
  class space    used 482K, capacity 488K, committed 512K, reserved 1048576K
Event: 0.803 GC heap after
Heap after GC invocations=10 (full 2):
 PSYoungGen      total 16896K, used 6134K [0x000000078ab00000, 0x000000078c580000, 0x00000007c0000000)
  eden space 10752K, 0% used [0x000000078ab00000,0x000000078ab00000,0x000000078b580000)
  from space 6144K, 99% used [0x000000078bc80000,0x000000078c27d820,0x000000078c280000)
  to   space 7168K, 0% used [0x000000078b580000,0x000000078b580000,0x000000078bc80000)
 ParOldGen       total 13824K, used 9543K [0x0000000720000000, 0x0000000720d80000, 0x000000078ab00000)
  object space 13824K, 69% used [0x0000000720000000,0x0000000720951dd0,0x0000000720d80000)
 Metaspace       used 4835K, capacity 4844K, committed 5120K, reserved 1056768K
  class space    used 482K, capacity 488K, committed 512K, reserved 1048576K
}
Event: 0.982 GC heap before
{Heap before GC invocations=11 (full 2):
 PSYoungGen      total 16896K, used 16886K [0x000000078ab00000, 0x000000078c580000, 0x00000007c0000000)
  eden space 10752K, 100% used [0x000000078ab00000,0x000000078b580000,0x000000078b580000)
  from space 6144K, 99% used [0x000000078bc80000,0x000000078c27d820,0x000000078c280000)
  to   space 7168K, 0% used [0x000000078b580000,0x000000078b580000,0x000000078bc80000)
 ParOldGen       total 13824K, used 9543K [0x0000000720000000, 0x0000000720d80000, 0x000000078ab00000)
  object space 13824K, 69% used [0x0000000720000000,0x0000000720951dd0,0x0000000720d80000)
 Metaspace       used 5705K, capacity 5752K, committed 6016K, reserved 1056768K
  class space    used 553K, capacity 556K, committed 640K, reserved 1048576K
Event: 0.991 GC heap after
Heap after GC invocations=11 (full 2):
 PSYoungGen      total 17920K, used 7143K [0x000000078ab00000, 0x000000078c780000, 0x00000007c0000000)
  eden space 10752K, 0% used [0x000000078ab00000,0x000000078ab00000,0x000000078b580000)
  from space 7168K, 99% used [0x000000078b580000,0x000000078bc79cc8,0x000000078bc80000)
  to   space 8192K, 0% used [0x000000078bf80000,0x000000078bf80000,0x000000078c780000)
 ParOldGen       total 13824K, used 9601K [0x0000000720000000, 0x0000000720d80000, 0x000000078ab00000)
  object space 13824K, 69% used [0x0000000720000000,0x0000000720960470,0x0000000720d80000)
 Metaspace       used 5705K, capacity 5752K, committed 6016K, reserved 1056768K
  class space    used 553K, capacity 556K, committed 640K, reserved 1048576K
}
Event: 1.288 GC heap before
{Heap before GC invocations=12 (full 2):
 PSYoungGen      total 17920K, used 17895K [0x000000078ab00000, 0x000000078c780000, 0x00000007c0000000)
  eden space 10752K, 100% used [0x000000078ab00000,0x000000078b580000,0x000000078b580000)
  from space 7168K, 99% used [0x000000078b580000,0x000000078bc79cc8,0x000000078bc80000)
  to   space 8192K, 0% used [0x000000078bf80000,0x000000078bf80000,0x000000078c780000)
 ParOldGen       total 13824K, used 9601K [0x0000000720000000, 0x0000000720d80000, 0x000000078ab00000)
  object space 13824K, 69% used [0x0000000720000000,0x0000000720960470,0x0000000720d80000)
 Metaspace       used 5893K, capacity 5912K, committed 6016K, reserved 1056768K
  class space    used 574K, capacity 588K, committed 640K, reserved 1048576K
Event: 1.300 GC heap after
Heap after GC invocations=12 (full 2):
 PSYoungGen      total 19456K, used 8160K [0x000000078ab00000, 0x000000078ca80000, 0x00000007c0000000)
  eden space 11264K, 0% used [0x000000078ab00000,0x000000078ab00000,0x000000078b600000)
  from space 8192K, 99% used [0x000000078bf80000,0x000000078c7781a8,0x000000078c780000)
  to   space 9728K, 0% used [0x000000078b600000,0x000000078b600000,0x000000078bf80000)
 ParOldGen       total 13824K, used 9657K [0x0000000720000000, 0x0000000720d80000, 0x000000078ab00000)
  object space 13824K, 69% used [0x0000000720000000,0x000000072096e470,0x0000000720d80000)
 Metaspace       used 5893K, capacity 5912K, committed 6016K, reserved 1056768K
  class space    used 574K, capacity 588K, committed 640K, reserved 1048576K
}
Event: 1.627 GC heap before
{Heap before GC invocations=13 (full 2):
 PSYoungGen      total 19456K, used 19424K [0x000000078ab00000, 0x000000078ca80000, 0x00000007c0000000)
  eden space 11264K, 100% used [0x000000078ab00000,0x000000078b600000,0x000000078b600000)
  from space 8192K, 99% used [0x000000078bf80000,0x000000078c7781a8,0x000000078c780000)
  to   space 9728K, 0% used [0x000000078b600000,0x000000078b600000,0x000000078bf80000)
 ParOldGen       total 13824K, used 9657K [0x0000000720000000, 0x0000000720d80000, 0x000000078ab00000)
  object space 13824K, 69% used [0x0000000720000000,0x000000072096e470,0x0000000720d80000)
 Metaspace       used 5946K, capacity 5976K, committed 6272K, reserved 1056768K
  class space    used 574K, capacity 588K, committed 640K, reserved 1048576K
Event: 1.638 GC heap after
Heap after GC invocations=13 (full 2):
 PSYoungGen      total 20992K, used 9355K [0x000000078ab00000, 0x000000078ce00000, 0x00000007c0000000)
  eden space 11264K, 0% used [0x000000078ab00000,0x000000078ab00000,0x000000078b600000)
  from space 9728K, 96% used [0x000000078b600000,0x000000078bf22c28,0x000000078bf80000)
  to   space 11264K, 0% used [0x000000078c300000,0x000000078c300000,0x000000078ce00000)
 ParOldGen       total 13824K, used 9665K [0x0000000720000000, 0x0000000720d80000, 0x000000078ab00000)
  object space 13824K, 69% used [0x0000000720000000,0x0000000720970470,0x0000000720d80000)
 Metaspace       used 5946K, capacity 5976K, committed 6272K, reserved 1056768K
  class space    used 574K, capacity 588K, committed 640K, reserved 1048576K
}
Event: 1.864 GC heap before
{Heap before GC invocations=14 (full 2):
 PSYoungGen      total 20992K, used 20619K [0x000000078ab00000, 0x000000078ce00000, 0x00000007c0000000)
  eden space 11264K, 100% used [0x000000078ab00000,0x000000078b600000,0x000000078b600000)
  from space 9728K, 96% used [0x000000078b600000,0x000000078bf22c28,0x000000078bf80000)
  to   space 11264K, 0% used [0x000000078c300000,0x000000078c300000,0x000000078ce00000)
 ParOldGen       total 13824K, used 9665K [0x0000000720000000, 0x0000000720d80000, 0x000000078ab00000)
  object space 13824K, 69% used [0x0000000720000000,0x0000000720970470,0x0000000720d80000)
 Metaspace       used 5995K, capacity 6040K, committed 6272K, reserved 1056768K
  class space    used 575K, capacity 588K, committed 640K, reserved 1048576K
Event: 1.881 GC heap after
Heap after GC invocations=14 (full 2):
 PSYoungGen      total 23040K, used 10606K [0x000000078ab00000, 0x000000078d080000, 0x00000007c0000000)
  eden space 11776K, 0% used [0x000000078ab00000,0x000000078ab00000,0x000000078b680000)
  from space 11264K, 94% used [0x000000078c300000,0x000000078cd5b9b0,0x000000078ce00000)
  to   space 12800K, 0% used [0x000000078b680000,0x000000078b680000,0x000000078c300000)
 ParOldGen       total 13824K, used 9673K [0x0000000720000000, 0x0000000720d80000, 0x000000078ab00000)
  object space 13824K, 69% used [0x0000000720000000,0x0000000720972470,0x0000000720d80000)
 Metaspace       used 5995K, capacity 6040K, committed 6272K, reserved 1056768K
  class space    used 575K, capacity 588K, committed 640K, reserved 1048576K
}
Event: 2.171 GC heap before
{Heap before GC invocations=15 (full 2):
 PSYoungGen      total 23040K, used 22382K [0x000000078ab00000, 0x000000078d080000, 0x00000007c0000000)
  eden space 11776K, 100% used [0x000000078ab00000,0x000000078b680000,0x000000078b680000)
  from space 11264K, 94% used [0x000000078c300000,0x000000078cd5b9b0,0x000000078ce00000)
  to   space 12800K, 0% used [0x000000078b680000,0x000000078b680000,0x000000078c300000)
 ParOldGen       total 13824K, used 9673K [0x0000000720000000, 0x0000000720d80000, 0x000000078ab00000)
  object space 13824K, 69% used [0x0000000720000000,0x0000000720972470,0x0000000720d80000)
 Metaspace       used 6006K, capacity 6040K, committed 6272K, reserved 1056768K
  class space    used 575K, capacity 588K, committed 640K, reserved 1048576K
Event: 2.184 GC heap after
Heap after GC invocations=15 (full 2):
 PSYoungGen      total 24576K, used 11704K [0x000000078ab00000, 0x000000078d400000, 0x00000007c0000000)
  eden space 11776K, 0% used [0x000000078ab00000,0x000000078ab00000,0x000000078b680000)
  from space 12800K, 91% used [0x000000078b680000,0x000000078c1ee108,0x000000078c300000)
  to   space 14336K, 0% used [0x000000078c600000,0x000000078c600000,0x000000078d400000)
 ParOldGen       total 13824K, used 9681K [0x0000000720000000, 0x0000000720d80000, 0x000000078ab00000)
  object space 13824K, 70% used [0x0000000720000000,0x0000000720974470,0x0000000720d80000)
 Metaspace       used 6006K, capacity 6040K, committed 6272K, reserved 1056768K
  class space    used 575K, capacity 588K, committed 640K, reserved 1048576K
}
Event: 2.476 GC heap before
{Heap before GC invocations=16 (full 2):
 PSYoungGen      total 24576K, used 23480K [0x000000078ab00000, 0x000000078d400000, 0x00000007c0000000)
  eden space 11776K, 100% used [0x000000078ab00000,0x000000078b680000,0x000000078b680000)
  from space 12800K, 91% used [0x000000078b680000,0x000000078c1ee108,0x000000078c300000)
  to   space 14336K, 0% used [0x000000078c600000,0x000000078c600000,0x000000078d400000)
 ParOldGen       total 13824K, used 9681K [0x0000000720000000, 0x0000000720d80000, 0x000000078ab00000)
  object space 13824K, 70% used [0x0000000720000000,0x0000000720974470,0x0000000720d80000)
 Metaspace       used 6019K, capacity 6040K, committed 6272K, reserved 1056768K
  class space    used 575K, capacity 588K, committed 640K, reserved 1048576K
Event: 2.496 GC heap after
Heap after GC invocations=16 (full 2):
 PSYoungGen      total 25600K, used 12625K [0x000000078ab00000, 0x000000078d800000, 0x00000007c0000000)
  eden space 11264K, 0% used [0x000000078ab00000,0x000000078ab00000,0x000000078b600000)
  from space 14336K, 88% used [0x000000078c600000,0x000000078d254758,0x000000078d400000)
  to   space 16384K, 0% used [0x000000078b600000,0x000000078b600000,0x000000078c600000)
 ParOldGen       total 13824K, used 9689K [0x0000000720000000, 0x0000000720d80000, 0x000000078ab00000)
  object space 13824K, 70% used [0x0000000720000000,0x0000000720976470,0x0000000720d80000)
 Metaspace       used 6019K, capacity 6040K, committed 6272K, reserved 1056768K
  class space    used 575K, capacity 588K, committed 640K, reserved 1048576K
}
Event: 2.732 GC heap before
{Heap before GC invocations=17 (full 2):
 PSYoungGen      total 25600K, used 23889K [0x000000078ab00000, 0x000000078d800000, 0x00000007c0000000)
  eden space 11264K, 100% used [0x000000078ab00000,0x000000078b600000,0x000000078b600000)
  from space 14336K, 88% used [0x000000078c600000,0x000000078d254758,0x000000078d400000)
  to   space 16384K, 0% used [0x000000078b600000,0x000000078b600000,0x000000078c600000)
 ParOldGen       total 13824K, used 9689K [0x0000000720000000, 0x0000000720d80000, 0x000000078ab00000)
  object space 13824K, 70% used [0x0000000720000000,0x0000000720976470,0x0000000720d80000)
 Metaspace       used 6022K, capacity 6040K, committed 6272K, reserved 1056768K
  class space    used 575K, capacity 588K, committed 640K, reserved 1048576K
Event: 2.761 GC heap after
Heap after GC invocations=17 (full 2):
 PSYoungGen      total 27648K, used 13682K [0x000000078ab00000, 0x000000078da80000, 0x00000007c0000000)
  eden space 11264K, 0% used [0x000000078ab00000,0x000000078ab00000,0x000000078b600000)
  from space 16384K, 83% used [0x000000078b600000,0x000000078c35ca28,0x000000078c600000)
  to   space 17920K, 0% used [0x000000078c900000,0x000000078c900000,0x000000078da80000)
 ParOldGen       total 13824K, used 9689K [0x0000000720000000, 0x0000000720d80000, 0x000000078ab00000)
  object space 13824K, 70% used [0x0000000720000000,0x0000000720976470,0x0000000720d80000)
 Metaspace       used 6022K, capacity 6040K, committed 6272K, reserved 1056768K
  class space    used 575K, capacity 588K, committed 640K, reserved 1048576K
}
Event: 2.964 GC heap before
{Heap before GC invocations=18 (full 2):
 PSYoungGen      total 27648K, used 24946K [0x000000078ab00000, 0x000000078da80000, 0x00000007c0000000)
  eden space 11264K, 100% used [0x000000078ab00000,0x000000078b600000,0x000000078b600000)
  from space 16384K, 83% used [0x000000078b600000,0x000000078c35ca28,0x000000078c600000)
  to   space 17920K, 0% used [0x000000078c900000,0x000000078c900000,0x000000078da80000)
 ParOldGen       total 13824K, used 9689K [0x0000000720000000, 0x0000000720d80000, 0x000000078ab00000)
  object space 13824K, 70% used [0x0000000720000000,0x0000000720976470,0x0000000720d80000)
 Metaspace       used 6048K, capacity 6104K, committed 6272K, reserved 1056768K
  class space    used 575K, capacity 588K, committed 640K, reserved 1048576K
Event: 2.988 GC heap after
Heap after GC invocations=18 (full 2):
 PSYoungGen      total 29184K, used 14666K [0x000000078ab00000, 0x000000078dd80000, 0x00000007c0000000)
  eden space 11264K, 0% used [0x000000078ab00000,0x000000078ab00000,0x000000078b600000)
  from space 17920K, 81% used [0x000000078c900000,0x000000078d752a88,0x000000078da80000)
  to   space 19456K, 0% used [0x000000078b600000,0x000000078b600000,0x000000078c900000)
 ParOldGen       total 13824K, used 9689K [0x0000000720000000, 0x0000000720d80000, 0x000000078ab00000)
  object space 13824K, 70% used [0x0000000720000000,0x0000000720976470,0x0000000720d80000)
 Metaspace       used 6048K, capacity 6104K, committed 6272K, reserved 1056768K
  class space    used 575K, capacity 588K, committed 640K, reserved 1048576K
}
Event: 3.313 GC heap before
{Heap before GC invocations=19 (full 2):
 PSYoungGen      total 29184K, used 25930K [0x000000078ab00000, 0x000000078dd80000, 0x00000007c0000000)
  eden space 11264K, 100% used [0x000000078ab00000,0x000000078b600000,0x000000078b600000)
  from space 17920K, 81% used [0x000000078c900000,0x000000078d752a88,0x000000078da80000)
  to   space 19456K, 0% used [0x000000078b600000,0x000000078b600000,0x000000078c900000)
 ParOldGen       total 13824K, used 9689K [0x0000000720000000, 0x0000000720d80000, 0x000000078ab00000)
  object space 13824K, 70% used [0x0000000720000000,0x0000000720976470,0x0000000720d80000)
 Metaspace       used 6051K, capacity 6104K, committed 6272K, reserved 1056768K
  class space    used 575K, capacity 588K, committed 640K, reserved 1048576K
Event: 3.328 GC heap after
Heap after GC invocations=19 (full 2):
 PSYoungGen      total 30720K, used 15249K [0x000000078ab00000, 0x000000078e000000, 0x00000007c0000000)
  eden space 11264K, 0% used [0x000000078ab00000,0x000000078ab00000,0x000000078b600000)
  from space 19456K, 78% used [0x000000078b600000,0x000000078c4e4438,0x000000078c900000)
  to   space 20992K, 0% used [0x000000078cb80000,0x000000078cb80000,0x000000078e000000)
 ParOldGen       total 13824K, used 9697K [0x0000000720000000, 0x0000000720d80000, 0x000000078ab00000)
  object space 13824K, 70% used [0x0000000720000000,0x0000000720978470,0x0000000720d80000)
 Metaspace       used 6051K, capacity 6104K, committed 6272K, reserved 1056768K
  class space    used 575K, capacity 588K, committed 640K, reserved 1048576K
}
Event: 3.711 GC heap before
{Heap before GC invocations=20 (full 2):
 PSYoungGen      total 30720K, used 26513K [0x000000078ab00000, 0x000000078e000000, 0x00000007c0000000)
  eden space 11264K, 100% used [0x000000078ab00000,0x000000078b600000,0x000000078b600000)
  from space 19456K, 78% used [0x000000078b600000,0x000000078c4e4438,0x000000078c900000)
  to   space 20992K, 0% used [0x000000078cb80000,0x000000078cb80000,0x000000078e000000)
 ParOldGen       total 13824K, used 9697K [0x0000000720000000, 0x0000000720d80000, 0x000000078ab00000)
  object space 13824K, 70% used [0x0000000720000000,0x0000000720978470,0x0000000720d80000)
 Metaspace       used 6054K, capacity 6104K, committed 6272K, reserved 1056768K
  class space    used 575K, capacity 588K, committed 640K, reserved 1048576K
Event: 3.729 GC heap after
Heap after GC invocations=20 (full 2):
 PSYoungGen      total 31744K, used 16166K [0x000000078ab00000, 0x000000078e300000, 0x00000007c0000000)
  eden space 10752K, 0% used [0x000000078ab00000,0x000000078ab00000,0x000000078b580000)
  from space 20992K, 77% used [0x000000078cb80000,0x000000078db49ab8,0x000000078e000000)
  to   space 22528K, 0% used [0x000000078b580000,0x000000078b580000,0x000000078cb80000)
 ParOldGen       total 13824K, used 9705K [0x0000000720000000, 0x0000000720d80000, 0x000000078ab00000)
  object space 13824K, 70% used [0x0000000720000000,0x000000072097a470,0x0000000720d80000)
 Metaspace       used 6054K, capacity 6104K, committed 6272K, reserved 1056768K
  class space    used 575K, capacity 588K, committed 640K, reserved 1048576K
}
Event: 3.923 GC heap before
{Heap before GC invocations=21 (full 2):
 PSYoungGen      total 31744K, used 26729K [0x000000078ab00000, 0x000000078e300000, 0x00000007c0000000)
  eden space 10752K, 98% used [0x000000078ab00000,0x000000078b550ab8,0x000000078b580000)
  from space 20992K, 77% used [0x000000078cb80000,0x000000078db49ab8,0x000000078e000000)
  to   space 22528K, 0% used [0x000000078b580000,0x000000078b580000,0x000000078cb80000)
 ParOldGen       total 13824K, used 9705K [0x0000000720000000, 0x0000000720d80000, 0x000000078ab00000)
  object space 13824K, 70% used [0x0000000720000000,0x000000072097a470,0x0000000720d80000)
 Metaspace       used 6055K, capacity 6104K, committed 6272K, reserved 1056768K
  class space    used 575K, capacity 588K, committed 640K, reserved 1048576K
Event: 3.941 GC heap after
Heap after GC invocations=21 (full 2):
 PSYoungGen      total 33280K, used 17667K [0x000000078ab00000, 0x000000078e680000, 0x00000007c0000000)
  eden space 10752K, 0% used [0x000000078ab00000,0x000000078ab00000,0x000000078b580000)
  from space 22528K, 78% used [0x000000078b580000,0x000000078c6c0d10,0x000000078cb80000)
  to   space 24576K, 0% used [0x000000078ce80000,0x000000078ce80000,0x000000078e680000)
 ParOldGen       total 13824K, used 9713K [0x0000000720000000, 0x0000000720d80000, 0x000000078ab00000)
  object space 13824K, 70% used [0x0000000720000000,0x000000072097c470,0x0000000720d80000)
 Metaspace       used 6055K, capacity 6104K, committed 6272K, reserved 1056768K
  class space    used 575K, capacity 588K, committed 640K, reserved 1048576K
}
Event: 3.991 GC heap before
{Heap before GC invocations=22 (full 2):
 PSYoungGen      total 33280K, used 28419K [0x000000078ab00000, 0x000000078e680000, 0x00000007c0000000)
  eden space 10752K, 100% used [0x000000078ab00000,0x000000078b580000,0x000000078b580000)
  from space 22528K, 78% used [0x000000078b580000,0x000000078c6c0d10,0x000000078cb80000)
  to   space 24576K, 0% used [0x000000078ce80000,0x000000078ce80000,0x000000078e680000)
 ParOldGen       total 13824K, used 9713K [0x0000000720000000, 0x0000000720d80000, 0x000000078ab00000)
  object space 13824K, 70% used [0x0000000720000000,0x000000072097c470,0x0000000720d80000)
 Metaspace       used 6073K, capacity 6104K, committed 6272K, reserved 1056768K
  class space    used 577K, capacity 588K, committed 640K, reserved 1048576K
Event: 4.026 GC heap after
Heap after GC invocations=22 (full 2):
 PSYoungGen      total 33792K, used 21850K [0x000000078ab00000, 0x000000078ec00000, 0x00000007c0000000)
  eden space 9216K, 0% used [0x000000078ab00000,0x000000078ab00000,0x000000078b400000)
  from space 24576K, 88% used [0x000000078ce80000,0x000000078e3d6b88,0x000000078e680000)
  to   space 27136K, 0% used [0x000000078b400000,0x000000078b400000,0x000000078ce80000)
 ParOldGen       total 13824K, used 9713K [0x0000000720000000, 0x0000000720d80000, 0x000000078ab00000)
  object space 13824K, 70% used [0x0000000720000000,0x000000072097c470,0x0000000720d80000)
 Metaspace       used 6073K, capacity 6104K, committed 6272K, reserved 1056768K
  class space    used 577K, capacity 588K, committed 640K, reserved 1048576K
}
Event: 4.089 GC heap before
{Heap before GC invocations=23 (full 2):
 PSYoungGen      total 33792K, used 31066K [0x000000078ab00000, 0x000000078ec00000, 0x00000007c0000000)
  eden space 9216K, 100% used [0x000000078ab00000,0x000000078b400000,0x000000078b400000)
  from space 24576K, 88% used [0x000000078ce80000,0x000000078e3d6b88,0x000000078e680000)
  to   space 27136K, 0% used [0x000000078b400000,0x000000078b400000,0x000000078ce80000)
 ParOldGen       total 13824K, used 9713K [0x0000000720000000, 0x0000000720d80000, 0x000000078ab00000)
  object space 13824K, 70% used [0x0000000720000000,0x000000072097c470,0x0000000720d80000)
 Metaspace       used 6082K, capacity 6104K, committed 6272K, reserved 1056768K
  class space    used 577K, capacity 588K, committed 640K, reserved 1048576K
Event: 4.113 GC heap after
Heap after GC invocations=23 (full 2):
 PSYoungGen      total 36352K, used 22310K [0x000000078ab00000, 0x000000078ef80000, 0x00000007c0000000)
  eden space 9216K, 0% used [0x000000078ab00000,0x000000078ab00000,0x000000078b400000)
  from space 27136K, 82% used [0x000000078b400000,0x000000078c9c9800,0x000000078ce80000)
  to   space 29696K, 0% used [0x000000078d280000,0x000000078d280000,0x000000078ef80000)
 ParOldGen       total 13824K, used 11753K [0x0000000720000000, 0x0000000720d80000, 0x000000078ab00000)
  object space 13824K, 85% used [0x0000000720000000,0x0000000720b7a470,0x0000000720d80000)
 Metaspace       used 6082K, capacity 6104K, committed 6272K, reserved 1056768K
  class space    used 577K, capacity 588K, committed 640K, reserved 1048576K
}
Event: 4.113 GC heap before
{Heap before GC invocations=24 (full 3):
 PSYoungGen      total 36352K, used 22310K [0x000000078ab00000, 0x000000078ef80000, 0x00000007c0000000)
  eden space 9216K, 0% used [0x000000078ab00000,0x000000078ab00000,0x000000078b400000)
  from space 27136K, 82% used [0x000000078b400000,0x000000078c9c9800,0x000000078ce80000)
  to   space 29696K, 0% used [0x000000078d280000,0x000000078d280000,0x000000078ef80000)
 ParOldGen       total 13824K, used 11753K [0x0000000720000000, 0x0000000720d80000, 0x000000078ab00000)
  object space 13824K, 85% used [0x0000000720000000,0x0000000720b7a470,0x0000000720d80000)
 Metaspace       used 6082K, capacity 6104K, committed 6272K, reserved 1056768K
  class space    used 577K, capacity 588K, committed 640K, reserved 1048576K
Event: 4.280 GC heap after
Heap after GC invocations=24 (full 3):
 PSYoungGen      total 36352K, used 19716K [0x000000078ab00000, 0x000000078ef80000, 0x00000007c0000000)
  eden space 9216K, 0% used [0x000000078ab00000,0x000000078ab00000,0x000000078b400000)
  from space 27136K, 72% used [0x000000078b400000,0x000000078c741060,0x000000078ce80000)
  to   space 29696K, 0% used [0x000000078d280000,0x000000078d280000,0x000000078ef80000)
 ParOldGen       total 21504K, used 13448K [0x0000000720000000, 0x0000000721500000, 0x000000078ab00000)
  object space 21504K, 62% used [0x0000000720000000,0x0000000720d220b0,0x0000000721500000)
 Metaspace       used 6082K, capacity 6104K, committed 6272K, reserved 1056768K
  class space    used 577K, capacity 588K, committed 640K, reserved 1048576K
}
Event: 4.352 GC heap before
{Heap before GC invocations=25 (full 3):
 PSYoungGen      total 36352K, used 28932K [0x000000078ab00000, 0x000000078ef80000, 0x00000007c0000000)
  eden space 9216K, 100% used [0x000000078ab00000,0x000000078b400000,0x000000078b400000)
  from space 27136K, 72% used [0x000000078b400000,0x000000078c741060,0x000000078ce80000)
  to   space 29696K, 0% used [0x000000078d280000,0x000000078d280000,0x000000078ef80000)
 ParOldGen       total 21504K, used 13448K [0x0000000720000000, 0x0000000721500000, 0x000000078ab00000)
  object space 21504K, 62% used [0x0000000720000000,0x0000000720d220b0,0x0000000721500000)
 Metaspace       used 6104K, capacity 6168K, committed 6272K, reserved 1056768K
  class space    used 579K, capacity 588K, committed 640K, reserved 1048576K
Event: 4.377 GC heap after
Heap after GC invocations=25 (full 3):
 PSYoungGen      total 38912K, used 20983K [0x000000078ab00000, 0x000000078f300000, 0x00000007c0000000)
  eden space 9216K, 0% used [0x000000078ab00000,0x000000078ab00000,0x000000078b400000)
  from space 29696K, 70% used [0x000000078d280000,0x000000078e6fdef0,0x000000078ef80000)
  to   space 31232K, 0% used [0x000000078b400000,0x000000078b400000,0x000000078d280000)
 ParOldGen       total 21504K, used 14544K [0x0000000720000000, 0x0000000721500000, 0x000000078ab00000)
  object space 21504K, 67% used [0x0000000720000000,0x0000000720e340b0,0x0000000721500000)
 Metaspace       used 6104K, capacity 6168K, committed 6272K, reserved 1056768K
  class space    used 579K, capacity 588K, committed 640K, reserved 1048576K
}
Event: 4.420 GC heap before
{Heap before GC invocations=26 (full 3):
 PSYoungGen      total 38912K, used 30160K [0x000000078ab00000, 0x000000078f300000, 0x00000007c0000000)
  eden space 9216K, 99% used [0x000000078ab00000,0x000000078b3f6250,0x000000078b400000)
  from space 29696K, 70% used [0x000000078d280000,0x000000078e6fdef0,0x000000078ef80000)
  to   space 31232K, 0% used [0x000000078b400000,0x000000078b400000,0x000000078d280000)
 ParOldGen       total 21504K, used 14544K [0x0000000720000000, 0x0000000721500000, 0x000000078ab00000)
  object space 21504K, 67% used [0x0000000720000000,0x0000000720e340b0,0x0000000721500000)
 Metaspace       used 6104K, capacity 6168K, committed 6272K, reserved 1056768K
  class space    used 579K, capacity 588K, committed 640K, reserved 1048576K
Event: 4.451 GC heap after
Heap after GC invocations=26 (full 3):
 PSYoungGen      total 40448K, used 21059K [0x000000078ab00000, 0x000000078f500000, 0x00000007c0000000)
  eden space 9216K, 0% used [0x000000078ab00000,0x000000078ab00000,0x000000078b400000)
  from space 31232K, 67% used [0x000000078b400000,0x000000078c890fd8,0x000000078d280000)
  to   space 32256K, 0% used [0x000000078d580000,0x000000078d580000,0x000000078f500000)
 ParOldGen       total 21504K, used 16082K [0x0000000720000000, 0x0000000721500000, 0x000000078ab00000)
  object space 21504K, 74% used [0x0000000720000000,0x0000000720fb4b08,0x0000000721500000)
 Metaspace       used 6104K, capacity 6168K, committed 6272K, reserved 1056768K
  class space    used 579K, capacity 588K, committed 640K, reserved 1048576K
}
Event: 4.492 GC heap before
{Heap before GC invocations=27 (full 3):
 PSYoungGen      total 40448K, used 30275K [0x000000078ab00000, 0x000000078f500000, 0x00000007c0000000)
  eden space 9216K, 99% used [0x000000078ab00000,0x000000078b3ffdb0,0x000000078b400000)
  from space 31232K, 67% used [0x000000078b400000,0x000000078c890fd8,0x000000078d280000)
  to   space 32256K, 0% used [0x000000078d580000,0x000000078d580000,0x000000078f500000)
 ParOldGen       total 21504K, used 16082K [0x0000000720000000, 0x0000000721500000, 0x000000078ab00000)
  object space 21504K, 74% used [0x0000000720000000,0x0000000720fb4b08,0x0000000721500000)
 Metaspace       used 6104K, capacity 6168K, committed 6272K, reserved 1056768K
  class space    used 579K, capacity 588K, committed 640K, reserved 1048576K
Event: 4.524 GC heap after
Heap after GC invocations=27 (full 3):
 PSYoungGen      total 41984K, used 23478K [0x000000078ab00000, 0x000000078f880000, 0x00000007c0000000)
  eden space 9728K, 0% used [0x000000078ab00000,0x000000078ab00000,0x000000078b480000)
  from space 32256K, 72% used [0x000000078d580000,0x000000078ec6dbf0,0x000000078f500000)
  to   space 33792K, 0% used [0x000000078b480000,0x000000078b480000,0x000000078d580000)
 ParOldGen       total 21504K, used 16742K [0x0000000720000000, 0x0000000721500000, 0x000000078ab00000)
  object space 21504K, 77% used [0x0000000720000000,0x00000007210599c0,0x0000000721500000)
 Metaspace       used 6104K, capacity 6168K, committed 6272K, reserved 1056768K
  class space    used 579K, capacity 588K, committed 640K, reserved 1048576K
}
Event: 4.581 GC heap before
{Heap before GC invocations=28 (full 3):
 PSYoungGen      total 41984K, used 33187K [0x000000078ab00000, 0x000000078f880000, 0x00000007c0000000)
  eden space 9728K, 99% used [0x000000078ab00000,0x000000078b47b348,0x000000078b480000)
  from space 32256K, 72% used [0x000000078d580000,0x000000078ec6dbf0,0x000000078f500000)
  to   space 33792K, 0% used [0x000000078b480000,0x000000078b480000,0x000000078d580000)
 ParOldGen       total 21504K, used 16742K [0x0000000720000000, 0x0000000721500000, 0x000000078ab00000)
  object space 21504K, 77% used [0x0000000720000000,0x00000007210599c0,0x0000000721500000)
 Metaspace       used 6104K, capacity 6168K, committed 6272K, reserved 1056768K
  class space    used 579K, capacity 588K, committed 640K, reserved 1048576K
Event: 4.627 GC heap after
Heap after GC invocations=28 (full 3):
 PSYoungGen      total 43520K, used 23864K [0x000000078ab00000, 0x000000078fb80000, 0x00000007c0000000)
  eden space 9728K, 0% used [0x000000078ab00000,0x000000078ab00000,0x000000078b480000)
  from space 33792K, 70% used [0x000000078b480000,0x000000078cbce180,0x000000078d580000)
  to   space 35328K, 0% used [0x000000078d900000,0x000000078d900000,0x000000078fb80000)
 ParOldGen       total 21504K, used 18551K [0x0000000720000000, 0x0000000721500000, 0x000000078ab00000)
  object space 21504K, 86% used [0x0000000720000000,0x000000072121dd90,0x0000000721500000)
 Metaspace       used 6104K, capacity 6168K, committed 6272K, reserved 1056768K
  class space    used 579K, capacity 588K, committed 640K, reserved 1048576K
}
Event: 4.639 GC heap before
{Heap before GC invocations=29 (full 3):
 PSYoungGen      total 43520K, used 33590K [0x000000078ab00000, 0x000000078fb80000, 0x00000007c0000000)
  eden space 9728K, 99% used [0x000000078ab00000,0x000000078b47f8c8,0x000000078b480000)
  from space 33792K, 70% used [0x000000078b480000,0x000000078cbce180,0x000000078d580000)
  to   space 35328K, 0% used [0x000000078d900000,0x000000078d900000,0x000000078fb80000)
 ParOldGen       total 21504K, used 18551K [0x0000000720000000, 0x0000000721500000, 0x000000078ab00000)
  object space 21504K, 86% used [0x0000000720000000,0x000000072121dd90,0x0000000721500000)
 Metaspace       used 6104K, capacity 6168K, committed 6272K, reserved 1056768K
  class space    used 579K, capacity 588K, committed 640K, reserved 1048576K
Event: 4.687 GC heap after
Heap after GC invocations=29 (full 3):
 PSYoungGen      total 46592K, used 21890K [0x000000078ab00000, 0x000000078fc80000, 0x00000007c0000000)
  eden space 11264K, 0% used [0x000000078ab00000,0x000000078ab00000,0x000000078b600000)
  from space 35328K, 61% used [0x000000078d900000,0x000000078ee60800,0x000000078fb80000)
  to   space 35840K, 0% used [0x000000078b600000,0x000000078b600000,0x000000078d900000)
 ParOldGen       total 21504K, used 20708K [0x0000000720000000, 0x0000000721500000, 0x000000078ab00000)
  object space 21504K, 96% used [0x0000000720000000,0x0000000721439078,0x0000000721500000)
 Metaspace       used 6104K, capacity 6168K, committed 6272K, reserved 1056768K
  class space    used 579K, capacity 588K, committed 640K, reserved 1048576K
}
Event: 4.688 GC heap before
{Heap before GC invocations=30 (full 4):
 PSYoungGen      total 46592K, used 21890K [0x000000078ab00000, 0x000000078fc80000, 0x00000007c0000000)
  eden space 11264K, 0% used [0x000000078ab00000,0x000000078ab00000,0x000000078b600000)
  from space 35328K, 61% used [0x000000078d900000,0x000000078ee60800,0x000000078fb80000)
  to   space 35840K, 0% used [0x000000078b600000,0x000000078b600000,0x000000078d900000)
 ParOldGen       total 21504K, used 20708K [0x0000000720000000, 0x0000000721500000, 0x000000078ab00000)
  object space 21504K, 96% used [0x0000000720000000,0x0000000721439078,0x0000000721500000)
 Metaspace       used 6104K, capacity 6168K, committed 6272K, reserved 1056768K
  class space    used 579K, capacity 588K, committed 640K, reserved 1048576K
Event: 4.934 GC heap after
Heap after GC invocations=30 (full 4):
 PSYoungGen      total 46592K, used 21156K [0x000000078ab00000, 0x000000078fc80000, 0x00000007c0000000)
  eden space 11264K, 0% used [0x000000078ab00000,0x000000078ab00000,0x000000078b600000)
  from space 35328K, 59% used [0x000000078d900000,0x000000078eda9068,0x000000078fb80000)
  to   space 35840K, 0% used [0x000000078b600000,0x000000078b600000,0x000000078d900000)
 ParOldGen       total 31232K, used 21005K [0x0000000720000000, 0x0000000721e80000, 0x000000078ab00000)
  object space 31232K, 67% used [0x0000000720000000,0x0000000721483550,0x0000000721e80000)
 Metaspace       used 6104K, capacity 6168K, committed 6272K, reserved 1056768K
  class space    used 579K, capacity 588K, committed 640K, reserved 1048576K
}
Event: 4.947 GC heap before
{Heap before GC invocations=31 (full 4):
 PSYoungGen      total 46592K, used 32415K [0x000000078ab00000, 0x000000078fc80000, 0x00000007c0000000)
  eden space 11264K, 99% used [0x000000078ab00000,0x000000078b5fec50,0x000000078b600000)
  from space 35328K, 59% used [0x000000078d900000,0x000000078eda9068,0x000000078fb80000)
  to   space 35840K, 0% used [0x000000078b600000,0x000000078b600000,0x000000078d900000)
 ParOldGen       total 31232K, used 21005K [0x0000000720000000, 0x0000000721e80000, 0x000000078ab00000)
  object space 31232K, 67% used [0x0000000720000000,0x0000000721483550,0x0000000721e80000)
 Metaspace       used 6104K, capacity 6168K, committed 6272K, reserved 1056768K
  class space    used 579K, capacity 588K, committed 640K, reserved 1048576K
Event: 4.971 GC heap after
Heap after GC invocations=31 (full 4):
 PSYoungGen      total 47104K, used 20162K [0x000000078ab00000, 0x000000078fd00000, 0x00000007c0000000)
  eden space 11264K, 0% used [0x000000078ab00000,0x000000078ab00000,0x000000078b600000)
  from space 35840K, 56% used [0x000000078b600000,0x000000078c9b09e8,0x000000078d900000)
  to   space 35328K, 0% used [0x000000078da80000,0x000000078da80000,0x000000078fd00000)
 ParOldGen       total 31232K, used 23119K [0x0000000720000000, 0x0000000721e80000, 0x000000078ab00000)
  object space 31232K, 74% used [0x0000000720000000,0x0000000721693fb0,0x0000000721e80000)
 Metaspace       used 6104K, capacity 6168K, committed 6272K, reserved 1056768K
  class space    used 579K, capacity 588K, committed 640K, reserved 1048576K
}
Event: 5.019 GC heap before
{Heap before GC invocations=32 (full 4):
 PSYoungGen      total 47104K, used 31426K [0x000000078ab00000, 0x000000078fd00000, 0x00000007c0000000)
  eden space 11264K, 100% used [0x000000078ab00000,0x000000078b600000,0x000000078b600000)
  from space 35840K, 56% used [0x000000078b600000,0x000000078c9b09e8,0x000000078d900000)
  to   space 35328K, 0% used [0x000000078da80000,0x000000078da80000,0x000000078fd00000)
 ParOldGen       total 31232K, used 23119K [0x0000000720000000, 0x0000000721e80000, 0x000000078ab00000)
  object space 31232K, 74% used [0x0000000720000000,0x0000000721693fb0,0x0000000721e80000)
 Metaspace       used 6105K, capacity 6168K, committed 6272K, reserved 1056768K
  class space    used 579K, capacity 588K, committed 640K, reserved 1048576K
Event: 5.040 GC heap after
Heap after GC invocations=32 (full 4):
 PSYoungGen      total 47616K, used 21218K [0x000000078ab00000, 0x000000078fc00000, 0x00000007c0000000)
  eden space 13312K, 0% used [0x000000078ab00000,0x000000078ab00000,0x000000078b800000)
  from space 34304K, 61% used [0x000000078da80000,0x000000078ef38bb8,0x000000078fc00000)
  to   space 34816K, 0% used [0x000000078b800000,0x000000078b800000,0x000000078da00000)
 ParOldGen       total 31232K, used 24713K [0x0000000720000000, 0x0000000721e80000, 0x000000078ab00000)
  object space 31232K, 79% used [0x0000000720000000,0x0000000721822780,0x0000000721e80000)
 Metaspace       used 6105K, capacity 6168K, committed 6272K, reserved 1056768K
  class space    used 579K, capacity 588K, committed 640K, reserved 1048576K
}
Event: 5.076 GC heap before
{Heap before GC invocations=33 (full 4):
 PSYoungGen      total 47616K, used 34530K [0x000000078ab00000, 0x000000078fc00000, 0x00000007c0000000)
  eden space 13312K, 100% used [0x000000078ab00000,0x000000078b800000,0x000000078b800000)
  from space 34304K, 61% used [0x000000078da80000,0x000000078ef38bb8,0x000000078fc00000)
  to   space 34816K, 0% used [0x000000078b800000,0x000000078b800000,0x000000078da00000)
 ParOldGen       total 31232K, used 24713K [0x0000000720000000, 0x0000000721e80000, 0x000000078ab00000)
  object space 31232K, 79% used [0x0000000720000000,0x0000000721822780,0x0000000721e80000)
 Metaspace       used 6105K, capacity 6168K, committed 6272K, reserved 1056768K
  class space    used 579K, capacity 588K, committed 640K, reserved 1048576K
Event: 5.097 GC heap after
Heap after GC invocations=33 (full 4):
 PSYoungGen      total 48128K, used 21710K [0x000000078ab00000, 0x000000078fe80000, 0x00000007c0000000)
  eden space 13312K, 0% used [0x000000078ab00000,0x000000078ab00000,0x000000078b800000)
  from space 34816K, 62% used [0x000000078b800000,0x000000078cd33880,0x000000078da00000)
  to   space 34816K, 0% used [0x000000078dc80000,0x000000078dc80000,0x000000078fe80000)
 ParOldGen       total 31232K, used 26853K [0x0000000720000000, 0x0000000721e80000, 0x000000078ab00000)
  object space 31232K, 85% used [0x0000000720000000,0x0000000721a39790,0x0000000721e80000)
 Metaspace       used 6105K, capacity 6168K, committed 6272K, reserved 1056768K
  class space    used 579K, capacity 588K, committed 640K, reserved 1048576K
}
Event: 5.184 GC heap before
{Heap before GC invocations=34 (full 4):
 PSYoungGen      total 48128K, used 35022K [0x000000078ab00000, 0x000000078fe80000, 0x00000007c0000000)
  eden space 13312K, 100% used [0x000000078ab00000,0x000000078b800000,0x000000078b800000)
  from space 34816K, 62% used [0x000000078b800000,0x000000078cd33880,0x000000078da00000)
  to   space 34816K, 0% used [0x000000078dc80000,0x000000078dc80000,0x000000078fe80000)
 ParOldGen       total 31232K, used 26853K [0x0000000720000000, 0x0000000721e80000, 0x000000078ab00000)
  object space 31232K, 85% used [0x0000000720000000,0x0000000721a39790,0x0000000721e80000)
 Metaspace       used 6107K, capacity 6168K, committed 6272K, reserved 1056768K
  class space    used 579K, capacity 588K, committed 640K, reserved 1048576K
Event: 5.210 GC heap after
Heap after GC invocations=34 (full 4):
 PSYoungGen      total 47616K, used 18698K [0x000000078ab00000, 0x000000078fb80000, 0x00000007c0000000)
  eden space 15872K, 0% used [0x000000078ab00000,0x000000078ab00000,0x000000078ba80000)
  from space 31744K, 58% used [0x000000078dc80000,0x000000078eec28c8,0x000000078fb80000)
  to   space 33280K, 0% used [0x000000078ba80000,0x000000078ba80000,0x000000078db00000)
 ParOldGen       total 33792K, used 32792K [0x0000000720000000, 0x0000000722100000, 0x000000078ab00000)
  object space 33792K, 97% used [0x0000000720000000,0x0000000722006240,0x0000000722100000)
 Metaspace       used 6107K, capacity 6168K, committed 6272K, reserved 1056768K
  class space    used 579K, capacity 588K, committed 640K, reserved 1048576K
}
Event: 5.210 GC heap before
{Heap before GC invocations=35 (full 5):
 PSYoungGen      total 47616K, used 18698K [0x000000078ab00000, 0x000000078fb80000, 0x00000007c0000000)
  eden space 15872K, 0% used [0x000000078ab00000,0x000000078ab00000,0x000000078ba80000)
  from space 31744K, 58% used [0x000000078dc80000,0x000000078eec28c8,0x000000078fb80000)
  to   space 33280K, 0% used [0x000000078ba80000,0x000000078ba80000,0x000000078db00000)
 ParOldGen       total 33792K, used 32792K [0x0000000720000000, 0x0000000722100000, 0x000000078ab00000)
  object space 33792K, 97% used [0x0000000720000000,0x0000000722006240,0x0000000722100000)
 Metaspace       used 6107K, capacity 6168K, committed 6272K, reserved 1056768K
  class space    used 579K, capacity 588K, committed 640K, reserved 1048576K
Event: 5.403 GC heap after
Heap after GC invocations=35 (full 5):
 PSYoungGen      total 47616K, used 17315K [0x000000078ab00000, 0x000000078fb80000, 0x00000007c0000000)
  eden space 15872K, 0% used [0x000000078ab00000,0x000000078ab00000,0x000000078ba80000)
  from space 31744K, 54% used [0x000000078dc80000,0x000000078ed68f60,0x000000078fb80000)
  to   space 33280K, 0% used [0x000000078ba80000,0x000000078ba80000,0x000000078db00000)
 ParOldGen       total 47104K, used 33585K [0x0000000720000000, 0x0000000722e00000, 0x000000078ab00000)
  object space 47104K, 71% used [0x0000000720000000,0x00000007220cc650,0x0000000722e00000)
 Metaspace       used 6107K, capacity 6168K, committed 6272K, reserved 1056768K
  class space    used 579K, capacity 588K, committed 640K, reserved 1048576K
}
Event: 5.491 GC heap before
{Heap before GC invocations=36 (full 5):
 PSYoungGen      total 47616K, used 33187K [0x000000078ab00000, 0x000000078fb80000, 0x00000007c0000000)
  eden space 15872K, 100% used [0x000000078ab00000,0x000000078ba80000,0x000000078ba80000)
  from space 31744K, 54% used [0x000000078dc80000,0x000000078ed68f60,0x000000078fb80000)
  to   space 33280K, 0% used [0x000000078ba80000,0x000000078ba80000,0x000000078db00000)
 ParOldGen       total 47104K, used 33585K [0x0000000720000000, 0x0000000722e00000, 0x000000078ab00000)
  object space 47104K, 71% used [0x0000000720000000,0x00000007220cc650,0x0000000722e00000)
 Metaspace       used 6108K, capacity 6168K, committed 6272K, reserved 1056768K
  class space    used 579K, capacity 588K, committed 640K, reserved 1048576K
Event: 5.522 GC heap after
Heap after GC invocations=36 (full 5):
 PSYoungGen      total 49152K, used 18308K [0x000000078ab00000, 0x000000078fc00000, 0x00000007c0000000)
  eden space 15872K, 0% used [0x000000078ab00000,0x000000078ab00000,0x000000078ba80000)
  from space 33280K, 55% used [0x000000078ba80000,0x000000078cc612c8,0x000000078db00000)
  to   space 32256K, 0% used [0x000000078dc80000,0x000000078dc80000,0x000000078fc00000)
 ParOldGen       total 47104K, used 36806K [0x0000000720000000, 0x0000000722e00000, 0x000000078ab00000)
  object space 47104K, 78% used [0x0000000720000000,0x00000007223f1988,0x0000000722e00000)
 Metaspace       used 6108K, capacity 6168K, committed 6272K, reserved 1056768K
  class space    used 579K, capacity 588K, committed 640K, reserved 1048576K
}
Event: 5.608 GC heap before
{Heap before GC invocations=37 (full 5):
 PSYoungGen      total 49152K, used 34180K [0x000000078ab00000, 0x000000078fc00000, 0x00000007c0000000)
  eden space 15872K, 100% used [0x000000078ab00000,0x000000078ba80000,0x000000078ba80000)
  from space 33280K, 55% used [0x000000078ba80000,0x000000078cc612c8,0x000000078db00000)
  to   space 32256K, 0% used [0x000000078dc80000,0x000000078dc80000,0x000000078fc00000)
 ParOldGen       total 47104K, used 36806K [0x0000000720000000, 0x0000000722e00000, 0x000000078ab00000)
  object space 47104K, 78% used [0x0000000720000000,0x00000007223f1988,0x0000000722e00000)
 Metaspace       used 6110K, capacity 6168K, committed 6272K, reserved 1056768K
  class space    used 579K, capacity 588K, committed 640K, reserved 1048576K
Event: 5.636 GC heap after
Heap after GC invocations=37 (full 5):
 PSYoungGen      total 50688K, used 21563K [0x000000078ab00000, 0x000000078fc00000, 0x00000007c0000000)
  eden space 18432K, 0% used [0x000000078ab00000,0x000000078ab00000,0x000000078bd00000)
  from space 32256K, 66% used [0x000000078dc80000,0x000000078f18ed20,0x000000078fc00000)
  to   space 32256K, 0% used [0x000000078bd00000,0x000000078bd00000,0x000000078dc80000)
 ParOldGen       total 47104K, used 36806K [0x0000000720000000, 0x0000000722e00000, 0x000000078ab00000)
  object space 47104K, 78% used [0x0000000720000000,0x00000007223f1988,0x0000000722e00000)
 Metaspace       used 6110K, capacity 6168K, committed 6272K, reserved 1056768K
  class space    used 579K, capacity 588K, committed 640K, reserved 1048576K
}
Event: 5.735 GC heap before
{Heap before GC invocations=38 (full 5):
 PSYoungGen      total 50688K, used 39995K [0x000000078ab00000, 0x000000078fc00000, 0x00000007c0000000)
  eden space 18432K, 100% used [0x000000078ab00000,0x000000078bd00000,0x000000078bd00000)
  from space 32256K, 66% used [0x000000078dc80000,0x000000078f18ed20,0x000000078fc00000)
  to   space 32256K, 0% used [0x000000078bd00000,0x000000078bd00000,0x000000078dc80000)
 ParOldGen       total 47104K, used 36806K [0x0000000720000000, 0x0000000722e00000, 0x000000078ab00000)
  object space 47104K, 78% used [0x0000000720000000,0x00000007223f1988,0x0000000722e00000)
 Metaspace       used 6111K, capacity 6168K, committed 6272K, reserved 1056768K
  class space    used 579K, capacity 588K, committed 640K, reserved 1048576K
Event: 5.770 GC heap after
Heap after GC invocations=38 (full 5):
 PSYoungGen      total 50688K, used 25685K [0x000000078ab00000, 0x0000000790080000, 0x00000007c0000000)
  eden space 18432K, 0% used [0x000000078ab00000,0x000000078ab00000,0x000000078bd00000)
  from space 32256K, 79% used [0x000000078bd00000,0x000000078d615630,0x000000078dc80000)
  to   space 33280K, 0% used [0x000000078e000000,0x000000078e000000,0x0000000790080000)
 ParOldGen       total 47104K, used 36806K [0x0000000720000000, 0x0000000722e00000, 0x000000078ab00000)
  object space 47104K, 78% used [0x0000000720000000,0x00000007223f1988,0x0000000722e00000)
 Metaspace       used 6111K, capacity 6168K, committed 6272K, reserved 1056768K
  class space    used 579K, capacity 588K, committed 640K, reserved 1048576K
}
Event: 5.864 GC heap before
{Heap before GC invocations=39 (full 5):
 PSYoungGen      total 50688K, used 44117K [0x000000078ab00000, 0x0000000790080000, 0x00000007c0000000)
  eden space 18432K, 100% used [0x000000078ab00000,0x000000078bd00000,0x000000078bd00000)
  from space 32256K, 79% used [0x000000078bd00000,0x000000078d615630,0x000000078dc80000)
  to   space 33280K, 0% used [0x000000078e000000,0x000000078e000000,0x0000000790080000)
 ParOldGen       total 47104K, used 36806K [0x0000000720000000, 0x0000000722e00000, 0x000000078ab00000)
  object space 47104K, 78% used [0x0000000720000000,0x00000007223f1988,0x0000000722e00000)
 Metaspace       used 6112K, capacity 6168K, committed 6272K, reserved 1056768K
  class space    used 579K, capacity 588K, committed 640K, reserved 1048576K
Event: 5.917 GC heap after
Heap after GC invocations=39 (full 5):
 PSYoungGen      total 51712K, used 29528K [0x000000078ab00000, 0x0000000790580000, 0x00000007c0000000)
  eden space 18432K, 0% used [0x000000078ab00000,0x000000078ab00000,0x000000078bd00000)
  from space 33280K, 88% used [0x000000078e000000,0x000000078fcd62b0,0x0000000790080000)
  to   space 35840K, 0% used [0x000000078bd00000,0x000000078bd00000,0x000000078e000000)
 ParOldGen       total 47104K, used 36806K [0x0000000720000000, 0x0000000722e00000, 0x000000078ab00000)
  object space 47104K, 78% used [0x0000000720000000,0x00000007223f1988,0x0000000722e00000)
 Metaspace       used 6112K, capacity 6168K, committed 6272K, reserved 1056768K
  class space    used 579K, capacity 588K, committed 640K, reserved 1048576K
}
Event: 6.011 GC heap before
{Heap before GC invocations=40 (full 5):
 PSYoungGen      total 51712K, used 47960K [0x000000078ab00000, 0x0000000790580000, 0x00000007c0000000)
  eden space 18432K, 100% used [0x000000078ab00000,0x000000078bd00000,0x000000078bd00000)
  from space 33280K, 88% used [0x000000078e000000,0x000000078fcd62b0,0x0000000790080000)
  to   space 35840K, 0% used [0x000000078bd00000,0x000000078bd00000,0x000000078e000000)
 ParOldGen       total 47104K, used 36806K [0x0000000720000000, 0x0000000722e00000, 0x000000078ab00000)
  object space 47104K, 78% used [0x0000000720000000,0x00000007223f1988,0x0000000722e00000)
 Metaspace       used 6123K, capacity 6168K, committed 6272K, reserved 1056768K
  class space    used 579K, capacity 588K, committed 640K, reserved 1048576K
Event: 6.062 GC heap after
Heap after GC invocations=40 (full 5):
 PSYoungGen      total 54272K, used 29496K [0x000000078ab00000, 0x0000000790980000, 0x00000007c0000000)
  eden space 18432K, 0% used [0x000000078ab00000,0x000000078ab00000,0x000000078bd00000)
  from space 35840K, 82% used [0x000000078bd00000,0x000000078d9ce348,0x000000078e000000)
  to   space 37888K, 0% used [0x000000078e480000,0x000000078e480000,0x0000000790980000)
 ParOldGen       total 47104K, used 40118K [0x0000000720000000, 0x0000000722e00000, 0x000000078ab00000)
  object space 47104K, 85% used [0x0000000720000000,0x000000072272d978,0x0000000722e00000)
 Metaspace       used 6123K, capacity 6168K, committed 6272K, reserved 1056768K
  class space    used 579K, capacity 588K, committed 640K, reserved 1048576K
}
Event: 6.154 GC heap before
{Heap before GC invocations=41 (full 5):
 PSYoungGen      total 54272K, used 47928K [0x000000078ab00000, 0x0000000790980000, 0x00000007c0000000)
  eden space 18432K, 100% used [0x000000078ab00000,0x000000078bd00000,0x000000078bd00000)
  from space 35840K, 82% used [0x000000078bd00000,0x000000078d9ce348,0x000000078e000000)
  to   space 37888K, 0% used [0x000000078e480000,0x000000078e480000,0x0000000790980000)
 ParOldGen       total 47104K, used 40118K [0x0000000720000000, 0x0000000722e00000, 0x000000078ab00000)
  object space 47104K, 85% used [0x0000000720000000,0x000000072272d978,0x0000000722e00000)
 Metaspace       used 6123K, capacity 6168K, committed 6272K, reserved 1056768K
  class space    used 579K, capacity 588K, committed 640K, reserved 1048576K
Event: 6.217 GC heap after
Heap after GC invocations=41 (full 5):
 PSYoungGen      total 56320K, used 32003K [0x000000078ab00000, 0x0000000790e80000, 0x00000007c0000000)
  eden space 18432K, 0% used [0x000000078ab00000,0x000000078ab00000,0x000000078bd00000)
  from space 37888K, 84% used [0x000000078e480000,0x00000007903c0dd0,0x0000000790980000)
  to   space 40448K, 0% used [0x000000078bd00000,0x000000078bd00000,0x000000078e480000)
 ParOldGen       total 47104K, used 41579K [0x0000000720000000, 0x0000000722e00000, 0x000000078ab00000)
  object space 47104K, 88% used [0x0000000720000000,0x000000072289ac38,0x0000000722e00000)
 Metaspace       used 6123K, capacity 6168K, committed 6272K, reserved 1056768K
  class space    used 579K, capacity 588K, committed 640K, reserved 1048576K
}
Event: 6.325 GC heap before
{Heap before GC invocations=42 (full 5):
 PSYoungGen      total 56320K, used 50435K [0x000000078ab00000, 0x0000000790e80000, 0x00000007c0000000)
  eden space 18432K, 100% used [0x000000078ab00000,0x000000078bd00000,0x000000078bd00000)
  from space 37888K, 84% used [0x000000078e480000,0x00000007903c0dd0,0x0000000790980000)
  to   space 40448K, 0% used [0x000000078bd00000,0x000000078bd00000,0x000000078e480000)
 ParOldGen       total 47104K, used 41579K [0x0000000720000000, 0x0000000722e00000, 0x000000078ab00000)
  object space 47104K, 88% used [0x0000000720000000,0x000000072289ac38,0x0000000722e00000)
 Metaspace       used 6123K, capacity 6168K, committed 6272K, reserved 1056768K
  class space    used 579K, capacity 588K, committed 640K, reserved 1048576K
Event: 6.388 GC heap after
Heap after GC invocations=42 (full 5):
 PSYoungGen      total 58880K, used 35140K [0x000000078ab00000, 0x0000000791480000, 0x00000007c0000000)
  eden space 18432K, 0% used [0x000000078ab00000,0x000000078ab00000,0x000000078bd00000)
  from space 40448K, 86% used [0x000000078bd00000,0x000000078df51048,0x000000078e480000)
  to   space 43520K, 0% used [0x000000078ea00000,0x000000078ea00000,0x0000000791480000)
 ParOldGen       total 47104K, used 42015K [0x0000000720000000, 0x0000000722e00000, 0x000000078ab00000)
  object space 47104K, 89% used [0x0000000720000000,0x0000000722907cf8,0x0000000722e00000)
 Metaspace       used 6123K, capacity 6168K, committed 6272K, reserved 1056768K
  class space    used 579K, capacity 588K, committed 640K, reserved 1048576K
}
Event: 6.485 GC heap before
{Heap before GC invocations=43 (full 5):
 PSYoungGen      total 58880K, used 53572K [0x000000078ab00000, 0x0000000791480000, 0x00000007c0000000)
  eden space 18432K, 100% used [0x000000078ab00000,0x000000078bd00000,0x000000078bd00000)
  from space 40448K, 86% used [0x000000078bd00000,0x000000078df51048,0x000000078e480000)
  to   space 43520K, 0% used [0x000000078ea00000,0x000000078ea00000,0x0000000791480000)
 ParOldGen       total 47104K, used 42015K [0x0000000720000000, 0x0000000722e00000, 0x000000078ab00000)
  object space 47104K, 89% used [0x0000000720000000,0x0000000722907cf8,0x0000000722e00000)
 Metaspace       used 6123K, capacity 6168K, committed 6272K, reserved 1056768K
  class space    used 579K, capacity 588K, committed 640K, reserved 1048576K
Event: 6.579 GC heap after
Heap after GC invocations=43 (full 5):
 PSYoungGen      total 60928K, used 38859K [0x000000078ab00000, 0x0000000791b80000, 0x00000007c0000000)
  eden space 17408K, 0% used [0x000000078ab00000,0x000000078ab00000,0x000000078bc00000)
  from space 43520K, 89% used [0x000000078ea00000,0x0000000790ff2d10,0x0000000791480000)
  to   space 47104K, 0% used [0x000000078bc00000,0x000000078bc00000,0x000000078ea00000)
 ParOldGen       total 47104K, used 42833K [0x0000000720000000, 0x0000000722e00000, 0x000000078ab00000)
  object space 47104K, 90% used [0x0000000720000000,0x00000007229d4418,0x0000000722e00000)
 Metaspace       used 6123K, capacity 6168K, committed 6272K, reserved 1056768K
  class space    used 579K, capacity 588K, committed 640K, reserved 1048576K
}
Event: 6.579 GC heap before
{Heap before GC invocations=44 (full 6):
 PSYoungGen      total 60928K, used 38859K [0x000000078ab00000, 0x0000000791b80000, 0x00000007c0000000)
  eden space 17408K, 0% used [0x000000078ab00000,0x000000078ab00000,0x000000078bc00000)
  from space 43520K, 89% used [0x000000078ea00000,0x0000000790ff2d10,0x0000000791480000)
  to   space 47104K, 0% used [0x000000078bc00000,0x000000078bc00000,0x000000078ea00000)
 ParOldGen       total 47104K, used 42833K [0x0000000720000000, 0x0000000722e00000, 0x000000078ab00000)
  object space 47104K, 90% used [0x0000000720000000,0x00000007229d4418,0x0000000722e00000)
 Metaspace       used 6123K, capacity 6168K, committed 6272K, reserved 1056768K
  class space    used 579K, capacity 588K, committed 640K, reserved 1048576K
Event: 6.919 GC heap after
Heap after GC invocations=44 (full 6):
 PSYoungGen      total 60928K, used 34418K [0x000000078ab00000, 0x0000000791b80000, 0x00000007c0000000)
  eden space 17408K, 0% used [0x000000078ab00000,0x000000078ab00000,0x000000078bc00000)
  from space 43520K, 79% used [0x000000078ea00000,0x0000000790b9c828,0x0000000791480000)
  to   space 47104K, 0% used [0x000000078bc00000,0x000000078bc00000,0x000000078ea00000)
 ParOldGen       total 61440K, used 46697K [0x0000000720000000, 0x0000000723c00000, 0x000000078ab00000)
  object space 61440K, 76% used [0x0000000720000000,0x0000000722d9a780,0x0000000723c00000)
 Metaspace       used 6123K, capacity 6168K, committed 6272K, reserved 1056768K
  class space    used 579K, capacity 588K, committed 640K, reserved 1048576K
}
Event: 7.008 GC heap before
{Heap before GC invocations=45 (full 6):
 PSYoungGen      total 60928K, used 51826K [0x000000078ab00000, 0x0000000791b80000, 0x00000007c0000000)
  eden space 17408K, 100% used [0x000000078ab00000,0x000000078bc00000,0x000000078bc00000)
  from space 43520K, 79% used [0x000000078ea00000,0x0000000790b9c828,0x0000000791480000)
  to   space 47104K, 0% used [0x000000078bc00000,0x000000078bc00000,0x000000078ea00000)
 ParOldGen       total 61440K, used 46697K [0x0000000720000000, 0x0000000723c00000, 0x000000078ab00000)
  object space 61440K, 76% used [0x0000000720000000,0x0000000722d9a780,0x0000000723c00000)
 Metaspace       used 6125K, capacity 6168K, committed 6272K, reserved 1056768K
  class space    used 579K, capacity 588K, committed 640K, reserved 1048576K
Event: 7.075 GC heap after
Heap after GC invocations=45 (full 6):
 PSYoungGen      total 64512K, used 35241K [0x000000078ab00000, 0x0000000791d80000, 0x00000007c0000000)
  eden space 17408K, 0% used [0x000000078ab00000,0x000000078ab00000,0x000000078bc00000)
  from space 47104K, 74% used [0x000000078bc00000,0x000000078de6a530,0x000000078ea00000)
  to   space 48640K, 0% used [0x000000078ee00000,0x000000078ee00000,0x0000000791d80000)
 ParOldGen       total 61440K, used 50553K [0x0000000720000000, 0x0000000723c00000, 0x000000078ab00000)
  object space 61440K, 82% used [0x0000000720000000,0x000000072315e530,0x0000000723c00000)
 Metaspace       used 6125K, capacity 6168K, committed 6272K, reserved 1056768K
  class space    used 579K, capacity 588K, committed 640K, reserved 1048576K
}
Event: 7.175 GC heap before
{Heap before GC invocations=46 (full 6):
 PSYoungGen      total 64512K, used 52649K [0x000000078ab00000, 0x0000000791d80000, 0x00000007c0000000)
  eden space 17408K, 100% used [0x000000078ab00000,0x000000078bc00000,0x000000078bc00000)
  from space 47104K, 74% used [0x000000078bc00000,0x000000078de6a530,0x000000078ea00000)
  to   space 48640K, 0% used [0x000000078ee00000,0x000000078ee00000,0x0000000791d80000)
 ParOldGen       total 61440K, used 50553K [0x0000000720000000, 0x0000000723c00000, 0x000000078ab00000)
  object space 61440K, 82% used [0x0000000720000000,0x000000072315e530,0x0000000723c00000)
 Metaspace       used 6125K, capacity 6168K, committed 6272K, reserved 1056768K
  class space    used 579K, capacity 588K, committed 640K, reserved 1048576K
Event: 7.272 GC heap after
Heap after GC invocations=46 (full 6):
 PSYoungGen      total 66560K, used 37398K [0x000000078ab00000, 0x0000000792200000, 0x00000007c0000000)
  eden space 17920K, 0% used [0x000000078ab00000,0x000000078ab00000,0x000000078bc80000)
  from space 48640K, 76% used [0x000000078ee00000,0x0000000791285900,0x0000000791d80000)
  to   space 50688K, 0% used [0x000000078bc80000,0x000000078bc80000,0x000000078ee00000)
 ParOldGen       total 61440K, used 53001K [0x0000000720000000, 0x0000000723c00000, 0x000000078ab00000)
  object space 61440K, 86% used [0x0000000720000000,0x00000007233c2530,0x0000000723c00000)
 Metaspace       used 6125K, capacity 6168K, committed 6272K, reserved 1056768K
  class space    used 579K, capacity 588K, committed 640K, reserved 1048576K
}
Event: 7.360 GC heap before
{Heap before GC invocations=47 (full 6):
 PSYoungGen      total 66560K, used 55113K [0x000000078ab00000, 0x0000000792200000, 0x00000007c0000000)
  eden space 17920K, 98% used [0x000000078ab00000,0x000000078bc4cd08,0x000000078bc80000)
  from space 48640K, 76% used [0x000000078ee00000,0x0000000791285900,0x0000000791d80000)
  to   space 50688K, 0% used [0x000000078bc80000,0x000000078bc80000,0x000000078ee00000)
 ParOldGen       total 61440K, used 53001K [0x0000000720000000, 0x0000000723c00000, 0x000000078ab00000)
  object space 61440K, 86% used [0x0000000720000000,0x00000007233c2530,0x0000000723c00000)
 Metaspace       used 6131K, capacity 6168K, committed 6272K, reserved 1056768K
  class space    used 579K, capacity 588K, committed 640K, reserved 1048576K
Event: 7.442 GC heap after
Heap after GC invocations=47 (full 6):
 PSYoungGen      total 68608K, used 35294K [0x000000078ab00000, 0x0000000792300000, 0x00000007c0000000)
  eden space 17920K, 0% used [0x000000078ab00000,0x000000078ab00000,0x000000078bc80000)
  from space 50688K, 69% used [0x000000078bc80000,0x000000078def7998,0x000000078ee00000)
  to   space 51200K, 0% used [0x000000078f100000,0x000000078f100000,0x0000000792300000)
 ParOldGen       total 61440K, used 59133K [0x0000000720000000, 0x0000000723c00000, 0x000000078ab00000)
  object space 61440K, 96% used [0x0000000720000000,0x00000007239bf5a0,0x0000000723c00000)
 Metaspace       used 6131K, capacity 6168K, committed 6272K, reserved 1056768K
  class space    used 579K, capacity 588K, committed 640K, reserved 1048576K
}
Event: 7.442 GC heap before
{Heap before GC invocations=48 (full 7):
 PSYoungGen      total 68608K, used 35294K [0x000000078ab00000, 0x0000000792300000, 0x00000007c0000000)
  eden space 17920K, 0% used [0x000000078ab00000,0x000000078ab00000,0x000000078bc80000)
  from space 50688K, 69% used [0x000000078bc80000,0x000000078def7998,0x000000078ee00000)
  to   space 51200K, 0% used [0x000000078f100000,0x000000078f100000,0x0000000792300000)
 ParOldGen       total 61440K, used 59133K [0x0000000720000000, 0x0000000723c00000, 0x000000078ab00000)
  object space 61440K, 96% used [0x0000000720000000,0x00000007239bf5a0,0x0000000723c00000)
 Metaspace       used 6131K, capacity 6168K, committed 6272K, reserved 1056768K
  class space    used 579K, capacity 588K, committed 640K, reserved 1048576K
Event: 7.936 GC heap after
Heap after GC invocations=48 (full 7):
 PSYoungGen      total 68608K, used 33046K [0x000000078ab00000, 0x0000000792300000, 0x00000007c0000000)
  eden space 17920K, 0% used [0x000000078ab00000,0x000000078ab00000,0x000000078bc80000)
  from space 50688K, 65% used [0x000000078bc80000,0x000000078dcc5860,0x000000078ee00000)
  to   space 51200K, 0% used [0x000000078f100000,0x000000078f100000,0x0000000792300000)
 ParOldGen       total 79360K, used 60975K [0x0000000720000000, 0x0000000724d80000, 0x000000078ab00000)
  object space 79360K, 76% used [0x0000000720000000,0x0000000723b8bc20,0x0000000724d80000)
 Metaspace       used 6131K, capacity 6168K, committed 6272K, reserved 1056768K
  class space    used 579K, capacity 588K, committed 640K, reserved 1048576K
}
Event: 8.013 GC heap before
{Heap before GC invocations=49 (full 7):
 PSYoungGen      total 68608K, used 50966K [0x000000078ab00000, 0x0000000792300000, 0x00000007c0000000)
  eden space 17920K, 100% used [0x000000078ab00000,0x000000078bc80000,0x000000078bc80000)
  from space 50688K, 65% used [0x000000078bc80000,0x000000078dcc5860,0x000000078ee00000)
  to   space 51200K, 0% used [0x000000078f100000,0x000000078f100000,0x0000000792300000)
 ParOldGen       total 79360K, used 60975K [0x0000000720000000, 0x0000000724d80000, 0x000000078ab00000)
  object space 79360K, 76% used [0x0000000720000000,0x0000000723b8bc20,0x0000000724d80000)
 Metaspace       used 6132K, capacity 6168K, committed 6272K, reserved 1056768K
  class space    used 579K, capacity 588K, committed 640K, reserved 1048576K
Event: 8.087 GC heap after
Heap after GC invocations=49 (full 7):
 PSYoungGen      total 68608K, used 30901K [0x000000078ab00000, 0x0000000792080000, 0x00000007c0000000)
  eden space 19968K, 0% used [0x000000078ab00000,0x000000078ab00000,0x000000078be80000)
  from space 48640K, 63% used [0x000000078f100000,0x0000000790f2d4e0,0x0000000792080000)
  to   space 50176K, 0% used [0x000000078be80000,0x000000078be80000,0x000000078ef80000)
 ParOldGen       total 79360K, used 67998K [0x0000000720000000, 0x0000000724d80000, 0x000000078ab00000)
  object space 79360K, 85% used [0x0000000720000000,0x0000000724267840,0x0000000724d80000)
 Metaspace       used 6132K, capacity 6168K, committed 6272K, reserved 1056768K
  class space    used 579K, capacity 588K, committed 640K, reserved 1048576K
}
Event: 8.206 GC heap before
{Heap before GC invocations=50 (full 7):
 PSYoungGen      total 68608K, used 50869K [0x000000078ab00000, 0x0000000792080000, 0x00000007c0000000)
  eden space 19968K, 100% used [0x000000078ab00000,0x000000078be80000,0x000000078be80000)
  from space 48640K, 63% used [0x000000078f100000,0x0000000790f2d4e0,0x0000000792080000)
  to   space 50176K, 0% used [0x000000078be80000,0x000000078be80000,0x000000078ef80000)
 ParOldGen       total 79360K, used 67998K [0x0000000720000000, 0x0000000724d80000, 0x000000078ab00000)
  object space 79360K, 85% used [0x0000000720000000,0x0000000724267840,0x0000000724d80000)
 Metaspace       used 6132K, capacity 6168K, committed 6272K, reserved 1056768K
  class space    used 579K, capacity 588K, committed 640K, reserved 1048576K
Event: 8.296 GC heap after
Heap after GC invocations=50 (full 7):
 PSYoungGen      total 70144K, used 32576K [0x000000078ab00000, 0x0000000792200000, 0x00000007c0000000)
  eden space 19968K, 0% used [0x000000078ab00000,0x000000078ab00000,0x000000078be80000)
  from space 50176K, 64% used [0x000000078be80000,0x000000078de50100,0x000000078ef80000)
  to   space 49664K, 0% used [0x000000078f180000,0x000000078f180000,0x0000000792200000)
 ParOldGen       total 79360K, used 71027K [0x0000000720000000, 0x0000000724d80000, 0x000000078ab00000)
  object space 79360K, 89% used [0x0000000720000000,0x000000072455ce38,0x0000000724d80000)
 Metaspace       used 6132K, capacity 6168K, committed 6272K, reserved 1056768K
  class space    used 579K, capacity 588K, committed 640K, reserved 1048576K
}
Event: 8.405 GC heap before
{Heap before GC invocations=51 (full 7):
 PSYoungGen      total 70144K, used 52544K [0x000000078ab00000, 0x0000000792200000, 0x00000007c0000000)
  eden space 19968K, 100% used [0x000000078ab00000,0x000000078be80000,0x000000078be80000)
  from space 50176K, 64% used [0x000000078be80000,0x000000078de50100,0x000000078ef80000)
  to   space 49664K, 0% used [0x000000078f180000,0x000000078f180000,0x0000000792200000)
 ParOldGen       total 79360K, used 71027K [0x0000000720000000, 0x0000000724d80000, 0x000000078ab00000)
  object space 79360K, 89% used [0x0000000720000000,0x000000072455ce38,0x0000000724d80000)
 Metaspace       used 6132K, capacity 6168K, committed 6272K, reserved 1056768K
  class space    used 579K, capacity 588K, committed 640K, reserved 1048576K
Event: 8.465 GC heap after
Heap after GC invocations=51 (full 7):
 PSYoungGen      total 71168K, used 33485K [0x000000078ab00000, 0x0000000792100000, 0x00000007c0000000)
  eden space 22528K, 0% used [0x000000078ab00000,0x000000078ab00000,0x000000078c100000)
  from space 48640K, 68% used [0x000000078f180000,0x0000000791233610,0x0000000792100000)
  to   space 49152K, 0% used [0x000000078c100000,0x000000078c100000,0x000000078f100000)
 ParOldGen       total 79360K, used 74515K [0x0000000720000000, 0x0000000724d80000, 0x000000078ab00000)
  object space 79360K, 93% used [0x0000000720000000,0x00000007248c4e38,0x0000000724d80000)
 Metaspace       used 6132K, capacity 6168K, committed 6272K, reserved 1056768K
  class space    used 579K, capacity 588K, committed 640K, reserved 1048576K
}
Event: 8.465 GC heap before
{Heap before GC invocations=52 (full 8):
 PSYoungGen      total 71168K, used 33485K [0x000000078ab00000, 0x0000000792100000, 0x00000007c0000000)
  eden space 22528K, 0% used [0x000000078ab00000,0x000000078ab00000,0x000000078c100000)
  from space 48640K, 68% used [0x000000078f180000,0x0000000791233610,0x0000000792100000)
  to   space 49152K, 0% used [0x000000078c100000,0x000000078c100000,0x000000078f100000)
 ParOldGen       total 79360K, used 74515K [0x0000000720000000, 0x0000000724d80000, 0x000000078ab00000)
  object space 79360K, 93% used [0x0000000720000000,0x00000007248c4e38,0x0000000724d80000)
 Metaspace       used 6132K, capacity 6168K, committed 6272K, reserved 1056768K
  class space    used 579K, capacity 588K, committed 640K, reserved 1048576K
Event: 8.930 GC heap after
Heap after GC invocations=52 (full 8):
 PSYoungGen      total 71168K, used 27633K [0x000000078ab00000, 0x0000000792100000, 0x00000007c0000000)
  eden space 22528K, 0% used [0x000000078ab00000,0x000000078ab00000,0x000000078c100000)
  from space 48640K, 56% used [0x000000078f180000,0x0000000790c7c4f0,0x0000000792100000)
  to   space 49152K, 0% used [0x000000078c100000,0x000000078c100000,0x000000078f100000)
 ParOldGen       total 100352K, used 79206K [0x0000000720000000, 0x0000000726200000, 0x000000078ab00000)
  object space 100352K, 78% used [0x0000000720000000,0x0000000724d59a30,0x0000000726200000)
 Metaspace       used 6132K, capacity 6168K, committed 6272K, reserved 1056768K
  class space    used 579K, capacity 588K, committed 640K, reserved 1048576K
}
Event: 9.040 GC heap before
{Heap before GC invocations=53 (full 8):
 PSYoungGen      total 71168K, used 50161K [0x000000078ab00000, 0x0000000792100000, 0x00000007c0000000)
  eden space 22528K, 100% used [0x000000078ab00000,0x000000078c100000,0x000000078c100000)
  from space 48640K, 56% used [0x000000078f180000,0x0000000790c7c4f0,0x0000000792100000)
  to   space 49152K, 0% used [0x000000078c100000,0x000000078c100000,0x000000078f100000)
 ParOldGen       total 100352K, used 79206K [0x0000000720000000, 0x0000000726200000, 0x000000078ab00000)
  object space 100352K, 78% used [0x0000000720000000,0x0000000724d59a30,0x0000000726200000)
 Metaspace       used 6133K, capacity 6168K, committed 6272K, reserved 1056768K
  class space    used 579K, capacity 588K, committed 640K, reserved 1048576K
Event: 9.104 GC heap after
Heap after GC invocations=53 (full 8):
 PSYoungGen      total 71680K, used 29905K [0x000000078ab00000, 0x0000000792080000, 0x00000007c0000000)
  eden space 22528K, 0% used [0x000000078ab00000,0x000000078ab00000,0x000000078c100000)
  from space 49152K, 60% used [0x000000078c100000,0x000000078de34620,0x000000078f100000)
  to   space 47616K, 0% used [0x000000078f200000,0x000000078f200000,0x0000000792080000)
 ParOldGen       total 100352K, used 81926K [0x0000000720000000, 0x0000000726200000, 0x000000078ab00000)
  object space 100352K, 81% used [0x0000000720000000,0x0000000725001a30,0x0000000726200000)
 Metaspace       used 6133K, capacity 6168K, committed 6272K, reserved 1056768K
  class space    used 579K, capacity 588K, committed 640K, reserved 1048576K
}
Event: 9.211 GC heap before
{Heap before GC invocations=54 (full 8):
 PSYoungGen      total 71680K, used 52433K [0x000000078ab00000, 0x0000000792080000, 0x00000007c0000000)
  eden space 22528K, 100% used [0x000000078ab00000,0x000000078c100000,0x000000078c100000)
  from space 49152K, 60% used [0x000000078c100000,0x000000078de34620,0x000000078f100000)
  to   space 47616K, 0% used [0x000000078f200000,0x000000078f200000,0x0000000792080000)
 ParOldGen       total 100352K, used 81926K [0x0000000720000000, 0x0000000726200000, 0x000000078ab00000)
  object space 100352K, 81% used [0x0000000720000000,0x0000000725001a30,0x0000000726200000)
 Metaspace       used 6133K, capacity 6168K, committed 6272K, reserved 1056768K
  class space    used 579K, capacity 588K, committed 640K, reserved 1048576K
Event: 9.270 GC heap after
Heap after GC invocations=54 (full 8):
 PSYoungGen      total 72192K, used 35253K [0x000000078ab00000, 0x0000000792180000, 0x00000007c0000000)
  eden space 24576K, 0% used [0x000000078ab00000,0x000000078ab00000,0x000000078c300000)
  from space 47616K, 74% used [0x000000078f200000,0x000000079146d460,0x0000000792080000)
  to   space 48128K, 0% used [0x000000078c300000,0x000000078c300000,0x000000078f200000)
 ParOldGen       total 100352K, used 81926K [0x0000000720000000, 0x0000000726200000, 0x000000078ab00000)
  object space 100352K, 81% used [0x0000000720000000,0x0000000725001a30,0x0000000726200000)
 Metaspace       used 6133K, capacity 6168K, committed 6272K, reserved 1056768K
  class space    used 579K, capacity 588K, committed 640K, reserved 1048576K
}
Event: 9.381 GC heap before
{Heap before GC invocations=55 (full 8):
 PSYoungGen      total 72192K, used 59829K [0x000000078ab00000, 0x0000000792180000, 0x00000007c0000000)
  eden space 24576K, 100% used [0x000000078ab00000,0x000000078c300000,0x000000078c300000)
  from space 47616K, 74% used [0x000000078f200000,0x000000079146d460,0x0000000792080000)
  to   space 48128K, 0% used [0x000000078c300000,0x000000078c300000,0x000000078f200000)
 ParOldGen       total 100352K, used 81926K [0x0000000720000000, 0x0000000726200000, 0x000000078ab00000)
  object space 100352K, 81% used [0x0000000720000000,0x0000000725001a30,0x0000000726200000)
 Metaspace       used 6133K, capacity 6168K, committed 6272K, reserved 1056768K
  class space    used 579K, capacity 588K, committed 640K, reserved 1048576K
Event: 9.444 GC heap after
Heap after GC invocations=55 (full 8):
 PSYoungGen      total 72704K, used 40395K [0x000000078ab00000, 0x0000000792800000, 0x00000007c0000000)
  eden space 24576K, 0% used [0x000000078ab00000,0x000000078ab00000,0x000000078c300000)
  from space 48128K, 83% used [0x000000078c300000,0x000000078ea72f20,0x000000078f200000)
  to   space 50176K, 0% used [0x000000078f700000,0x000000078f700000,0x0000000792800000)
 ParOldGen       total 100352K, used 81926K [0x0000000720000000, 0x0000000726200000, 0x000000078ab00000)
  object space 100352K, 81% used [0x0000000720000000,0x0000000725001a30,0x0000000726200000)
 Metaspace       used 6133K, capacity 6168K, committed 6272K, reserved 1056768K
  class space    used 579K, capacity 588K, committed 640K, reserved 1048576K
}
Event: 9.548 GC heap before
{Heap before GC invocations=56 (full 8):
 PSYoungGen      total 72704K, used 64971K [0x000000078ab00000, 0x0000000792800000, 0x00000007c0000000)
  eden space 24576K, 100% used [0x000000078ab00000,0x000000078c300000,0x000000078c300000)
  from space 48128K, 83% used [0x000000078c300000,0x000000078ea72f20,0x000000078f200000)
  to   space 50176K, 0% used [0x000000078f700000,0x000000078f700000,0x0000000792800000)
 ParOldGen       total 100352K, used 81926K [0x0000000720000000, 0x0000000726200000, 0x000000078ab00000)
  object space 100352K, 81% used [0x0000000720000000,0x0000000725001a30,0x0000000726200000)
 Metaspace       used 6137K, capacity 6168K, committed 6272K, reserved 1056768K
  class space    used 579K, capacity 588K, committed 640K, reserved 1048576K
Event: 9.633 GC heap after
Heap after GC invocations=56 (full 8):
 PSYoungGen      total 73728K, used 46642K [0x000000078ab00000, 0x0000000793000000, 0x00000007c0000000)
  eden space 23552K, 0% used [0x000000078ab00000,0x000000078ab00000,0x000000078c200000)
  from space 50176K, 92% used [0x000000078f700000,0x000000079248cbf0,0x0000000792800000)
  to   space 54272K, 0% used [0x000000078c200000,0x000000078c200000,0x000000078f700000)
 ParOldGen       total 100352K, used 81926K [0x0000000720000000, 0x0000000726200000, 0x000000078ab00000)
  object space 100352K, 81% used [0x0000000720000000,0x0000000725001a30,0x0000000726200000)
 Metaspace       used 6137K, capacity 6168K, committed 6272K, reserved 1056768K
  class space    used 579K, capacity 588K, committed 640K, reserved 1048576K
}
Event: 9.722 GC heap before
{Heap before GC invocations=57 (full 8):
 PSYoungGen      total 73728K, used 70194K [0x000000078ab00000, 0x0000000793000000, 0x00000007c0000000)
  eden space 23552K, 100% used [0x000000078ab00000,0x000000078c200000,0x000000078c200000)
  from space 50176K, 92% used [0x000000078f700000,0x000000079248cbf0,0x0000000792800000)
  to   space 54272K, 0% used [0x000000078c200000,0x000000078c200000,0x000000078f700000)
 ParOldGen       total 100352K, used 81926K [0x0000000720000000, 0x0000000726200000, 0x000000078ab00000)
  object space 100352K, 81% used [0x0000000720000000,0x0000000725001a30,0x0000000726200000)
 Metaspace       used 6138K, capacity 6168K, committed 6272K, reserved 1056768K
  class space    used 579K, capacity 588K, committed 640K, reserved 1048576K
Event: 9.812 GC heap after
Heap after GC invocations=57 (full 8):
 PSYoungGen      total 77824K, used 47702K [0x000000078ab00000, 0x0000000793500000, 0x00000007c0000000)
  eden space 23552K, 0% used [0x000000078ab00000,0x000000078ab00000,0x000000078c200000)
  from space 54272K, 87% used [0x000000078c200000,0x000000078f095860,0x000000078f700000)
  to   space 57344K, 0% used [0x000000078fd00000,0x000000078fd00000,0x0000000793500000)
 ParOldGen       total 100352K, used 85582K [0x0000000720000000, 0x0000000726200000, 0x000000078ab00000)
  object space 100352K, 85% used [0x0000000720000000,0x00000007253938f8,0x0000000726200000)
 Metaspace       used 6138K, capacity 6168K, committed 6272K, reserved 1056768K
  class space    used 579K, capacity 588K, committed 640K, reserved 1048576K
}
Event: 9.919 GC heap before
{Heap before GC invocations=58 (full 8):
 PSYoungGen      total 77824K, used 71254K [0x000000078ab00000, 0x0000000793500000, 0x00000007c0000000)
  eden space 23552K, 100% used [0x000000078ab00000,0x000000078c200000,0x000000078c200000)
  from space 54272K, 87% used [0x000000078c200000,0x000000078f095860,0x000000078f700000)
  to   space 57344K, 0% used [0x000000078fd00000,0x000000078fd00000,0x0000000793500000)
 ParOldGen       total 100352K, used 85582K [0x0000000720000000, 0x0000000726200000, 0x000000078ab00000)
  object space 100352K, 85% used [0x0000000720000000,0x00000007253938f8,0x0000000726200000)
 Metaspace       used 6138K, capacity 6168K, committed 6272K, reserved 1056768K
  class space    used 579K, capacity 588K, committed 640K, reserved 1048576K
Event: 10.011 GC heap after
Heap after GC invocations=58 (full 8):
 PSYoungGen      total 79872K, used 50085K [0x000000078ab00000, 0x0000000793d00000, 0x00000007c0000000)
  eden space 22528K, 0% used [0x000000078ab00000,0x000000078ab00000,0x000000078c100000)
  from space 57344K, 87% used [0x000000078fd00000,0x0000000792de9530,0x0000000793500000)
  to   space 61440K, 0% used [0x000000078c100000,0x000000078c100000,0x000000078fd00000)
 ParOldGen       total 100352K, used 88864K [0x0000000720000000, 0x0000000726200000, 0x000000078ab00000)
  object space 100352K, 88% used [0x0000000720000000,0x00000007256c8368,0x0000000726200000)
 Metaspace       used 6138K, capacity 6168K, committed 6272K, reserved 1056768K
  class space    used 579K, capacity 588K, committed 640K, reserved 1048576K
}
Event: 10.102 GC heap before
{Heap before GC invocations=59 (full 8):
 PSYoungGen      total 79872K, used 72613K [0x000000078ab00000, 0x0000000793d00000, 0x00000007c0000000)
  eden space 22528K, 100% used [0x000000078ab00000,0x000000078c100000,0x000000078c100000)
  from space 57344K, 87% used [0x000000078fd00000,0x0000000792de9530,0x0000000793500000)
  to   space 61440K, 0% used [0x000000078c100000,0x000000078c100000,0x000000078fd00000)
 ParOldGen       total 100352K, used 88864K [0x0000000720000000, 0x0000000726200000, 0x000000078ab00000)
  object space 100352K, 88% used [0x0000000720000000,0x00000007256c8368,0x0000000726200000)
 Metaspace       used 6138K, capacity 6168K, committed 6272K, reserved 1056768K
  class space    used 579K, capacity 588K, committed 640K, reserved 1048576K
Event: 10.234 GC heap after
Heap after GC invocations=59 (full 8):
 PSYoungGen      total 83968K, used 49168K [0x000000078ab00000, 0x0000000794000000, 0x00000007c0000000)
  eden space 22528K, 0% used [0x000000078ab00000,0x000000078ab00000,0x000000078c100000)
  from space 61440K, 80% used [0x000000078c100000,0x000000078f104068,0x000000078fd00000)
  to   space 63488K, 0% used [0x0000000790200000,0x0000000790200000,0x0000000794000000)
 ParOldGen       total 100352K, used 95381K [0x0000000720000000, 0x0000000726200000, 0x000000078ab00000)
  object space 100352K, 95% used [0x0000000720000000,0x0000000725d25488,0x0000000726200000)
 Metaspace       used 6138K, capacity 6168K, committed 6272K, reserved 1056768K
  class space    used 579K, capacity 588K, committed 640K, reserved 1048576K
}
Event: 10.234 GC heap before
{Heap before GC invocations=60 (full 9):
 PSYoungGen      total 83968K, used 49168K [0x000000078ab00000, 0x0000000794000000, 0x00000007c0000000)
  eden space 22528K, 0% used [0x000000078ab00000,0x000000078ab00000,0x000000078c100000)
  from space 61440K, 80% used [0x000000078c100000,0x000000078f104068,0x000000078fd00000)
  to   space 63488K, 0% used [0x0000000790200000,0x0000000790200000,0x0000000794000000)
 ParOldGen       total 100352K, used 95381K [0x0000000720000000, 0x0000000726200000, 0x000000078ab00000)
  object space 100352K, 95% used [0x0000000720000000,0x0000000725d25488,0x0000000726200000)
 Metaspace       used 6138K, capacity 6168K, committed 6272K, reserved 1056768K
  class space    used 579K, capacity 588K, committed 640K, reserved 1048576K
Event: 11.020 GC heap after
Heap after GC invocations=60 (full 9):
 PSYoungGen      total 83968K, used 43772K [0x000000078ab00000, 0x0000000794000000, 0x00000007c0000000)
  eden space 22528K, 0% used [0x000000078ab00000,0x000000078ab00000,0x000000078c100000)
  from space 61440K, 71% used [0x000000078c100000,0x000000078ebbf3c8,0x000000078fd00000)
  to   space 63488K, 0% used [0x0000000790200000,0x0000000790200000,0x0000000794000000)
 ParOldGen       total 123392K, used 99881K [0x0000000720000000, 0x0000000727880000, 0x000000078ab00000)
  object space 123392K, 80% used [0x0000000720000000,0x000000072618a620,0x0000000727880000)
 Metaspace       used 6138K, capacity 6168K, committed 6272K, reserved 1056768K
  class space    used 579K, capacity 588K, committed 640K, reserved 1048576K
}
Event: 11.122 GC heap before
{Heap before GC invocations=61 (full 9):
 PSYoungGen      total 83968K, used 66300K [0x000000078ab00000, 0x0000000794000000, 0x00000007c0000000)
  eden space 22528K, 100% used [0x000000078ab00000,0x000000078c100000,0x000000078c100000)
  from space 61440K, 71% used [0x000000078c100000,0x000000078ebbf3c8,0x000000078fd00000)
  to   space 63488K, 0% used [0x0000000790200000,0x0000000790200000,0x0000000794000000)
 ParOldGen       total 123392K, used 99881K [0x0000000720000000, 0x0000000727880000, 0x000000078ab00000)
  object space 123392K, 80% used [0x0000000720000000,0x000000072618a620,0x0000000727880000)
 Metaspace       used 6138K, capacity 6168K, committed 6272K, reserved 1056768K
  class space    used 579K, capacity 588K, committed 640K, reserved 1048576K
Event: 11.227 GC heap after
Heap after GC invocations=61 (full 9):
 PSYoungGen      total 88064K, used 43074K [0x000000078ab00000, 0x0000000793f80000, 0x00000007c0000000)
  eden space 25088K, 0% used [0x000000078ab00000,0x000000078ab00000,0x000000078c380000)
  from space 62976K, 68% used [0x0000000790200000,0x0000000792c10b00,0x0000000793f80000)
  to   space 63488K, 0% used [0x000000078c380000,0x000000078c380000,0x0000000790180000)
 ParOldGen       total 123392K, used 106751K [0x0000000720000000, 0x0000000727880000, 0x000000078ab00000)
  object space 123392K, 86% used [0x0000000720000000,0x000000072683fc90,0x0000000727880000)
 Metaspace       used 6138K, capacity 6168K, committed 6272K, reserved 1056768K
  class space    used 579K, capacity 588K, committed 640K, reserved 1048576K
}
Event: 11.340 GC heap before
{Heap before GC invocations=62 (full 9):
 PSYoungGen      total 88064K, used 68162K [0x000000078ab00000, 0x0000000793f80000, 0x00000007c0000000)
  eden space 25088K, 100% used [0x000000078ab00000,0x000000078c380000,0x000000078c380000)
  from space 62976K, 68% used [0x0000000790200000,0x0000000792c10b00,0x0000000793f80000)
  to   space 63488K, 0% used [0x000000078c380000,0x000000078c380000,0x0000000790180000)
 ParOldGen       total 123392K, used 106751K [0x0000000720000000, 0x0000000727880000, 0x000000078ab00000)
  object space 123392K, 86% used [0x0000000720000000,0x000000072683fc90,0x0000000727880000)
 Metaspace       used 6138K, capacity 6168K, committed 6272K, reserved 1056768K
  class space    used 579K, capacity 588K, committed 640K, reserved 1048576K
Event: 11.426 GC heap after
Heap after GC invocations=62 (full 9):
 PSYoungGen      total 88576K, used 45860K [0x000000078ab00000, 0x0000000794380000, 0x00000007c0000000)
  eden space 25088K, 0% used [0x000000078ab00000,0x000000078ab00000,0x000000078c380000)
  from space 63488K, 72% used [0x000000078c380000,0x000000078f049358,0x0000000790180000)
  to   space 64000K, 0% used [0x0000000790500000,0x0000000790500000,0x0000000794380000)
 ParOldGen       total 123392K, used 109946K [0x0000000720000000, 0x0000000727880000, 0x000000078ab00000)
  object space 123392K, 89% used [0x0000000720000000,0x0000000726b5e9a0,0x0000000727880000)
 Metaspace       used 6138K, capacity 6168K, committed 6272K, reserved 1056768K
  class space    used 579K, capacity 588K, committed 640K, reserved 1048576K
}
Event: 11.542 GC heap before
{Heap before GC invocations=63 (full 9):
 PSYoungGen      total 88576K, used 70948K [0x000000078ab00000, 0x0000000794380000, 0x00000007c0000000)
  eden space 25088K, 100% used [0x000000078ab00000,0x000000078c380000,0x000000078c380000)
  from space 63488K, 72% used [0x000000078c380000,0x000000078f049358,0x0000000790180000)
  to   space 64000K, 0% used [0x0000000790500000,0x0000000790500000,0x0000000794380000)
 ParOldGen       total 123392K, used 109946K [0x0000000720000000, 0x0000000727880000, 0x000000078ab00000)
  object space 123392K, 89% used [0x0000000720000000,0x0000000726b5e9a0,0x0000000727880000)
 Metaspace       used 6138K, capacity 6168K, committed 6272K, reserved 1056768K
  class space    used 579K, capacity 588K, committed 640K, reserved 1048576K
Event: 11.629 GC heap after
Heap after GC invocations=63 (full 9):
 PSYoungGen      total 91648K, used 47716K [0x000000078ab00000, 0x0000000794480000, 0x00000007c0000000)
  eden space 27648K, 0% used [0x000000078ab00000,0x000000078ab00000,0x000000078c600000)
  from space 64000K, 74% used [0x0000000790500000,0x0000000793399240,0x0000000794380000)
  to   space 64512K, 0% used [0x000000078c600000,0x000000078c600000,0x0000000790500000)
 ParOldGen       total 123392K, used 113846K [0x0000000720000000, 0x0000000727880000, 0x000000078ab00000)
  object space 123392K, 92% used [0x0000000720000000,0x0000000726f2d940,0x0000000727880000)
 Metaspace       used 6138K, capacity 6168K, committed 6272K, reserved 1056768K
  class space    used 579K, capacity 588K, committed 640K, reserved 1048576K
}
Event: 11.745 GC heap before
{Heap before GC invocations=64 (full 9):
 PSYoungGen      total 91648K, used 75364K [0x000000078ab00000, 0x0000000794480000, 0x00000007c0000000)
  eden space 27648K, 100% used [0x000000078ab00000,0x000000078c600000,0x000000078c600000)
  from space 64000K, 74% used [0x0000000790500000,0x0000000793399240,0x0000000794380000)
  to   space 64512K, 0% used [0x000000078c600000,0x000000078c600000,0x0000000790500000)
 ParOldGen       total 123392K, used 113846K [0x0000000720000000, 0x0000000727880000, 0x000000078ab00000)
  object space 123392K, 92% used [0x0000000720000000,0x0000000726f2d940,0x0000000727880000)
 Metaspace       used 6138K, capacity 6168K, committed 6272K, reserved 1056768K
  class space    used 579K, capacity 588K, committed 640K, reserved 1048576K
Event: 11.840 GC heap after
Heap after GC invocations=64 (full 9):
 PSYoungGen      total 92160K, used 48925K [0x000000078ab00000, 0x0000000794980000, 0x00000007c0000000)
  eden space 27648K, 0% used [0x000000078ab00000,0x000000078ab00000,0x000000078c600000)
  from space 64512K, 75% used [0x000000078c600000,0x000000078f5c7758,0x0000000790500000)
  to   space 65536K, 0% used [0x0000000790980000,0x0000000790980000,0x0000000794980000)
 ParOldGen       total 123392K, used 118686K [0x0000000720000000, 0x0000000727880000, 0x000000078ab00000)
  object space 123392K, 96% used [0x0000000720000000,0x00000007273e7950,0x0000000727880000)
 Metaspace       used 6138K, capacity 6168K, committed 6272K, reserved 1056768K
  class space    used 579K, capacity 588K, committed 640K, reserved 1048576K
}
Event: 11.840 GC heap before
{Heap before GC invocations=65 (full 10):
 PSYoungGen      total 92160K, used 48925K [0x000000078ab00000, 0x0000000794980000, 0x00000007c0000000)
  eden space 27648K, 0% used [0x000000078ab00000,0x000000078ab00000,0x000000078c600000)
  from space 64512K, 75% used [0x000000078c600000,0x000000078f5c7758,0x0000000790500000)
  to   space 65536K, 0% used [0x0000000790980000,0x0000000790980000,0x0000000794980000)
 ParOldGen       total 123392K, used 118686K [0x0000000720000000, 0x0000000727880000, 0x000000078ab00000)
  object space 123392K, 96% used [0x0000000720000000,0x00000007273e7950,0x0000000727880000)
 Metaspace       used 6138K, capacity 6168K, committed 6272K, reserved 1056768K
  class space    used 579K, capacity 588K, committed 640K, reserved 1048576K
Event: 12.491 GC heap after
Heap after GC invocations=65 (full 10):
 PSYoungGen      total 92160K, used 43998K [0x000000078ab00000, 0x0000000794980000, 0x00000007c0000000)
  eden space 27648K, 0% used [0x000000078ab00000,0x000000078ab00000,0x000000078c600000)
  from space 64512K, 68% used [0x000000078c600000,0x000000078f0f7910,0x0000000790500000)
  to   space 65536K, 0% used [0x0000000790980000,0x0000000790980000,0x0000000794980000)
 ParOldGen       total 148992K, used 122903K [0x0000000720000000, 0x0000000729180000, 0x000000078ab00000)
  object space 148992K, 82% used [0x0000000720000000,0x0000000727805f10,0x0000000729180000)
 Metaspace       used 6138K, capacity 6168K, committed 6272K, reserved 1056768K
  class space    used 579K, capacity 588K, committed 640K, reserved 1048576K
}
Event: 12.613 GC heap before
{Heap before GC invocations=66 (full 10):
 PSYoungGen      total 92160K, used 71646K [0x000000078ab00000, 0x0000000794980000, 0x00000007c0000000)
  eden space 27648K, 100% used [0x000000078ab00000,0x000000078c600000,0x000000078c600000)
  from space 64512K, 68% used [0x000000078c600000,0x000000078f0f7910,0x0000000790500000)
  to   space 65536K, 0% used [0x0000000790980000,0x0000000790980000,0x0000000794980000)
 ParOldGen       total 148992K, used 122903K [0x0000000720000000, 0x0000000729180000, 0x000000078ab00000)
  object space 148992K, 82% used [0x0000000720000000,0x0000000727805f10,0x0000000729180000)
 Metaspace       used 6138K, capacity 6168K, committed 6272K, reserved 1056768K
  class space    used 579K, capacity 588K, committed 640K, reserved 1048576K
Event: 12.723 GC heap after
Heap after GC invocations=66 (full 10):
 PSYoungGen      total 95744K, used 46767K [0x000000078ab00000, 0x0000000794900000, 0x00000007c0000000)
  eden space 30720K, 0% used [0x000000078ab00000,0x000000078ab00000,0x000000078c900000)
  from space 65024K, 71% used [0x0000000790980000,0x000000079372bd30,0x0000000794900000)
  to   space 65536K, 0% used [0x000000078c900000,0x000000078c900000,0x0000000790900000)
 ParOldGen       total 148992K, used 126946K [0x0000000720000000, 0x0000000729180000, 0x000000078ab00000)
  object space 148992K, 85% used [0x0000000720000000,0x0000000727bf89a0,0x0000000729180000)
 Metaspace       used 6138K, capacity 6168K, committed 6272K, reserved 1056768K
  class space    used 579K, capacity 588K, committed 640K, reserved 1048576K
}
Event: 12.865 GC heap before
{Heap before GC invocations=67 (full 10):
 PSYoungGen      total 95744K, used 77487K [0x000000078ab00000, 0x0000000794900000, 0x00000007c0000000)
  eden space 30720K, 100% used [0x000000078ab00000,0x000000078c900000,0x000000078c900000)
  from space 65024K, 71% used [0x0000000790980000,0x000000079372bd30,0x0000000794900000)
  to   space 65536K, 0% used [0x000000078c900000,0x000000078c900000,0x0000000790900000)
 ParOldGen       total 148992K, used 126946K [0x0000000720000000, 0x0000000729180000, 0x000000078ab00000)
  object space 148992K, 85% used [0x0000000720000000,0x0000000727bf89a0,0x0000000729180000)
 Metaspace       used 6138K, capacity 6168K, committed 6272K, reserved 1056768K
  class space    used 579K, capacity 588K, committed 640K, reserved 1048576K
Event: 12.954 GC heap after
Heap after GC invocations=67 (full 10):
 PSYoungGen      total 96256K, used 54627K [0x000000078ab00000, 0x0000000795100000, 0x00000007c0000000)
  eden space 30720K, 0% used [0x000000078ab00000,0x000000078ab00000,0x000000078c900000)
  from space 65536K, 83% used [0x000000078c900000,0x000000078fe58d18,0x0000000790900000)
  to   space 68096K, 0% used [0x0000000790e80000,0x0000000790e80000,0x0000000795100000)
 ParOldGen       total 148992K, used 126946K [0x0000000720000000, 0x0000000729180000, 0x000000078ab00000)
  object space 148992K, 85% used [0x0000000720000000,0x0000000727bf89a0,0x0000000729180000)
 Metaspace       used 6138K, capacity 6168K, committed 6272K, reserved 1056768K
  class space    used 579K, capacity 588K, committed 640K, reserved 1048576K
}
Event: 13.102 GC heap before
{Heap before GC invocations=68 (full 10):
 PSYoungGen      total 96256K, used 85347K [0x000000078ab00000, 0x0000000795100000, 0x00000007c0000000)
  eden space 30720K, 100% used [0x000000078ab00000,0x000000078c900000,0x000000078c900000)
  from space 65536K, 83% used [0x000000078c900000,0x000000078fe58d18,0x0000000790900000)
  to   space 68096K, 0% used [0x0000000790e80000,0x0000000790e80000,0x0000000795100000)
 ParOldGen       total 148992K, used 126946K [0x0000000720000000, 0x0000000729180000, 0x000000078ab00000)
  object space 148992K, 85% used [0x0000000720000000,0x0000000727bf89a0,0x0000000729180000)
 Metaspace       used 6138K, capacity 6168K, committed 6272K, reserved 1056768K
  class space    used 579K, capacity 588K, committed 640K, reserved 1048576K
Event: 13.233 GC heap after
Heap after GC invocations=68 (full 10):
 PSYoungGen      total 96256K, used 63514K [0x000000078ab00000, 0x0000000795c00000, 0x00000007c0000000)
  eden space 28160K, 0% used [0x000000078ab00000,0x000000078ab00000,0x000000078c680000)
  from space 68096K, 93% used [0x0000000790e80000,0x0000000794c86b38,0x0000000795100000)
  to   space 73728K, 0% used [0x000000078c680000,0x000000078c680000,0x0000000790e80000)
 ParOldGen       total 148992K, used 126946K [0x0000000720000000, 0x0000000729180000, 0x000000078ab00000)
  object space 148992K, 85% used [0x0000000720000000,0x0000000727bf89a0,0x0000000729180000)
 Metaspace       used 6138K, capacity 6168K, committed 6272K, reserved 1056768K
  class space    used 579K, capacity 588K, committed 640K, reserved 1048576K
}
Event: 13.348 GC heap before
{Heap before GC invocations=69 (full 10):
 PSYoungGen      total 96256K, used 91674K [0x000000078ab00000, 0x0000000795c00000, 0x00000007c0000000)
  eden space 28160K, 100% used [0x000000078ab00000,0x000000078c680000,0x000000078c680000)
  from space 68096K, 93% used [0x0000000790e80000,0x0000000794c86b38,0x0000000795100000)
  to   space 73728K, 0% used [0x000000078c680000,0x000000078c680000,0x0000000790e80000)
 ParOldGen       total 148992K, used 126946K [0x0000000720000000, 0x0000000729180000, 0x000000078ab00000)
  object space 148992K, 85% used [0x0000000720000000,0x0000000727bf89a0,0x0000000729180000)
 Metaspace       used 6138K, capacity 6168K, committed 6272K, reserved 1056768K
  class space    used 579K, capacity 588K, committed 640K, reserved 1048576K
Event: 13.463 GC heap after
Heap after GC invocations=69 (full 10):
 PSYoungGen      total 101888K, used 63915K [0x000000078ab00000, 0x0000000796180000, 0x00000007c0000000)
  eden space 28160K, 0% used [0x000000078ab00000,0x000000078ab00000,0x000000078c680000)
  from space 73728K, 86% used [0x000000078c680000,0x00000007904eaf20,0x0000000790e80000)
  to   space 77824K, 0% used [0x0000000791580000,0x0000000791580000,0x0000000796180000)
 ParOldGen       total 148992K, used 132364K [0x0000000720000000, 0x0000000729180000, 0x000000078ab00000)
  object space 148992K, 88% used [0x0000000720000000,0x0000000728143388,0x0000000729180000)
 Metaspace       used 6138K, capacity 6168K, committed 6272K, reserved 1056768K
  class space    used 579K, capacity 588K, committed 640K, reserved 1048576K
}
Event: 13.547 GC heap before
{Heap before GC invocations=70 (full 10):
 PSYoungGen      total 101888K, used 92075K [0x000000078ab00000, 0x0000000796180000, 0x00000007c0000000)
  eden space 28160K, 100% used [0x000000078ab00000,0x000000078c680000,0x000000078c680000)
  from space 73728K, 86% used [0x000000078c680000,0x00000007904eaf20,0x0000000790e80000)
  to   space 77824K, 0% used [0x0000000791580000,0x0000000791580000,0x0000000796180000)
 ParOldGen       total 148992K, used 132364K [0x0000000720000000, 0x0000000729180000, 0x000000078ab00000)
  object space 148992K, 88% used [0x0000000720000000,0x0000000728143388,0x0000000729180000)
 Metaspace       used 6138K, capacity 6168K, committed 6272K, reserved 1056768K
  class space    used 579K, capacity 588K, committed 640K, reserved 1048576K
Event: 13.660 GC heap after
Heap after GC invocations=70 (full 10):
 PSYoungGen      total 105984K, used 62974K [0x000000078ab00000, 0x0000000796780000, 0x00000007c0000000)
  eden space 28160K, 0% used [0x000000078ab00000,0x000000078ab00000,0x000000078c680000)
  from space 77824K, 80% used [0x0000000791580000,0x00000007952ffa28,0x0000000796180000)
  to   space 80896K, 0% used [0x000000078c680000,0x000000078c680000,0x0000000791580000)
 ParOldGen       total 148992K, used 136415K [0x0000000720000000, 0x0000000729180000, 0x000000078ab00000)
  object space 148992K, 91% used [0x0000000720000000,0x0000000728537c00,0x0000000729180000)
 Metaspace       used 6138K, capacity 6168K, committed 6272K, reserved 1056768K
  class space    used 579K, capacity 588K, committed 640K, reserved 1048576K
}
Event: 13.688 GC heap before
{Heap before GC invocations=71 (full 10):
 PSYoungGen      total 105984K, used 91108K [0x000000078ab00000, 0x0000000796780000, 0x00000007c0000000)
  eden space 28160K, 99% used [0x000000078ab00000,0x000000078c679700,0x000000078c680000)
  from space 77824K, 80% used [0x0000000791580000,0x00000007952ffa28,0x0000000796180000)
  to   space 80896K, 0% used [0x000000078c680000,0x000000078c680000,0x0000000791580000)
 ParOldGen       total 148992K, used 136415K [0x0000000720000000, 0x0000000729180000, 0x000000078ab00000)
  object space 148992K, 91% used [0x0000000720000000,0x0000000728537c00,0x0000000729180000)
 Metaspace       used 6138K, capacity 6168K, committed 6272K, reserved 1056768K
  class space    used 579K, capacity 588K, committed 640K, reserved 1048576K
Event: 13.803 GC heap after
Heap after GC invocations=71 (full 10):
 PSYoungGen      total 109056K, used 52985K [0x000000078ab00000, 0x0000000796500000, 0x00000007c0000000)
  eden space 28160K, 0% used [0x000000078ab00000,0x000000078ab00000,0x000000078c680000)
  from space 80896K, 65% used [0x000000078c680000,0x000000078fa3e568,0x0000000791580000)
  to   space 79360K, 0% used [0x0000000791780000,0x0000000791780000,0x0000000796500000)
 ParOldGen       total 148992K, used 145675K [0x0000000720000000, 0x0000000729180000, 0x000000078ab00000)
  object space 148992K, 97% used [0x0000000720000000,0x0000000728e42f28,0x0000000729180000)
 Metaspace       used 6138K, capacity 6168K, committed 6272K, reserved 1056768K
  class space    used 579K, capacity 588K, committed 640K, reserved 1048576K
}
Event: 13.803 GC heap before
{Heap before GC invocations=72 (full 11):
 PSYoungGen      total 109056K, used 52985K [0x000000078ab00000, 0x0000000796500000, 0x00000007c0000000)
  eden space 28160K, 0% used [0x000000078ab00000,0x000000078ab00000,0x000000078c680000)
  from space 80896K, 65% used [0x000000078c680000,0x000000078fa3e568,0x0000000791580000)
  to   space 79360K, 0% used [0x0000000791780000,0x0000000791780000,0x0000000796500000)
 ParOldGen       total 148992K, used 145675K [0x0000000720000000, 0x0000000729180000, 0x000000078ab00000)
  object space 148992K, 97% used [0x0000000720000000,0x0000000728e42f28,0x0000000729180000)
 Metaspace       used 6138K, capacity 6168K, committed 6272K, reserved 1056768K
  class space    used 579K, capacity 588K, committed 640K, reserved 1048576K
Event: 14.506 GC heap after
Heap after GC invocations=72 (full 11):
 PSYoungGen      total 109056K, used 48202K [0x000000078ab00000, 0x0000000796500000, 0x00000007c0000000)
  eden space 28160K, 0% used [0x000000078ab00000,0x000000078ab00000,0x000000078c680000)
  from space 80896K, 59% used [0x000000078c680000,0x000000078f5929f8,0x0000000791580000)
  to   space 79360K, 0% used [0x0000000791780000,0x0000000791780000,0x0000000796500000)
 ParOldGen       total 178688K, used 148864K [0x0000000720000000, 0x000000072ae80000, 0x000000078ab00000)
  object space 178688K, 83% used [0x0000000720000000,0x00000007291600a0,0x000000072ae80000)
 Metaspace       used 6138K, capacity 6168K, committed 6272K, reserved 1056768K
  class space    used 579K, capacity 588K, committed 640K, reserved 1048576K
}
Event: 14.538 GC heap before
{Heap before GC invocations=73 (full 11):
 PSYoungGen      total 109056K, used 76362K [0x000000078ab00000, 0x0000000796500000, 0x00000007c0000000)
  eden space 28160K, 100% used [0x000000078ab00000,0x000000078c680000,0x000000078c680000)
  from space 80896K, 59% used [0x000000078c680000,0x000000078f5929f8,0x0000000791580000)
  to   space 79360K, 0% used [0x0000000791780000,0x0000000791780000,0x0000000796500000)
 ParOldGen       total 178688K, used 148864K [0x0000000720000000, 0x000000072ae80000, 0x000000078ab00000)
  object space 178688K, 83% used [0x0000000720000000,0x00000007291600a0,0x000000072ae80000)
 Metaspace       used 6138K, capacity 6168K, committed 6272K, reserved 1056768K
  class space    used 579K, capacity 588K, committed 640K, reserved 1048576K
Event: 14.643 GC heap after
Heap after GC invocations=73 (full 11):
 PSYoungGen      total 107008K, used 40632K [0x000000078ab00000, 0x0000000796180000, 0x00000007c0000000)
  eden space 31232K, 0% used [0x000000078ab00000,0x000000078ab00000,0x000000078c980000)
  from space 75776K, 53% used [0x0000000791780000,0x0000000793f2e1a8,0x0000000796180000)
  to   space 77824K, 0% used [0x000000078c980000,0x000000078c980000,0x0000000791580000)
 ParOldGen       total 178688K, used 158182K [0x0000000720000000, 0x000000072ae80000, 0x000000078ab00000)
  object space 178688K, 88% used [0x0000000720000000,0x0000000729a798f0,0x000000072ae80000)
 Metaspace       used 6138K, capacity 6168K, committed 6272K, reserved 1056768K
  class space    used 579K, capacity 588K, committed 640K, reserved 1048576K
}
Event: 14.677 GC heap before
{Heap before GC invocations=74 (full 11):
 PSYoungGen      total 107008K, used 71864K [0x000000078ab00000, 0x0000000796180000, 0x00000007c0000000)
  eden space 31232K, 100% used [0x000000078ab00000,0x000000078c980000,0x000000078c980000)
  from space 75776K, 53% used [0x0000000791780000,0x0000000793f2e1a8,0x0000000796180000)
  to   space 77824K, 0% used [0x000000078c980000,0x000000078c980000,0x0000000791580000)
 ParOldGen       total 178688K, used 158182K [0x0000000720000000, 0x000000072ae80000, 0x000000078ab00000)
  object space 178688K, 88% used [0x0000000720000000,0x0000000729a798f0,0x000000072ae80000)
 Metaspace       used 6138K, capacity 6168K, committed 6272K, reserved 1056768K
  class space    used 579K, capacity 588K, committed 640K, reserved 1048576K
Event: 14.749 GC heap after
Heap after GC invocations=74 (full 11):
 PSYoungGen      total 109056K, used 32738K [0x000000078ab00000, 0x0000000796480000, 0x00000007c0000000)
  eden space 31232K, 0% used [0x000000078ab00000,0x000000078ab00000,0x000000078c980000)
  from space 77824K, 42% used [0x000000078c980000,0x000000078e978898,0x0000000791580000)
  to   space 77312K, 0% used [0x0000000791900000,0x0000000791900000,0x0000000796480000)
 ParOldGen       total 178688K, used 167727K [0x0000000720000000, 0x000000072ae80000, 0x000000078ab00000)
  object space 178688K, 93% used [0x0000000720000000,0x000000072a3cbe98,0x000000072ae80000)
 Metaspace       used 6138K, capacity 6168K, committed 6272K, reserved 1056768K
  class space    used 579K, capacity 588K, committed 640K, reserved 1048576K
}
Event: 14.749 GC heap before
{Heap before GC invocations=75 (full 12):
 PSYoungGen      total 109056K, used 32738K [0x000000078ab00000, 0x0000000796480000, 0x00000007c0000000)
  eden space 31232K, 0% used [0x000000078ab00000,0x000000078ab00000,0x000000078c980000)
  from space 77824K, 42% used [0x000000078c980000,0x000000078e978898,0x0000000791580000)
  to   space 77312K, 0% used [0x0000000791900000,0x0000000791900000,0x0000000796480000)
 ParOldGen       total 178688K, used 167727K [0x0000000720000000, 0x000000072ae80000, 0x000000078ab00000)
  object space 178688K, 93% used [0x0000000720000000,0x000000072a3cbe98,0x000000072ae80000)
 Metaspace       used 6138K, capacity 6168K, committed 6272K, reserved 1056768K
  class space    used 579K, capacity 588K, committed 640K, reserved 1048576K
Event: 15.260 GC heap after
Heap after GC invocations=75 (full 12):
 PSYoungGen      total 109056K, used 22354K [0x000000078ab00000, 0x0000000796480000, 0x00000007c0000000)
  eden space 31232K, 0% used [0x000000078ab00000,0x000000078ab00000,0x000000078c980000)
  from space 77824K, 28% used [0x000000078c980000,0x000000078df54950,0x0000000791580000)
  to   space 77312K, 0% used [0x0000000791900000,0x0000000791900000,0x0000000796480000)
 ParOldGen       total 212480K, used 177669K [0x0000000720000000, 0x000000072cf80000, 0x000000078ab00000)
  object space 212480K, 83% used [0x0000000720000000,0x000000072ad81468,0x000000072cf80000)
 Metaspace       used 6138K, capacity 6168K, committed 6272K, reserved 1056768K
  class space    used 579K, capacity 588K, committed 640K, reserved 1048576K
}
Event: 15.297 GC heap before
{Heap before GC invocations=76 (full 12):
 PSYoungGen      total 109056K, used 53586K [0x000000078ab00000, 0x0000000796480000, 0x00000007c0000000)
  eden space 31232K, 100% used [0x000000078ab00000,0x000000078c980000,0x000000078c980000)
  from space 77824K, 28% used [0x000000078c980000,0x000000078df54950,0x0000000791580000)
  to   space 77312K, 0% used [0x0000000791900000,0x0000000791900000,0x0000000796480000)
 ParOldGen       total 212480K, used 177669K [0x0000000720000000, 0x000000072cf80000, 0x000000078ab00000)
  object space 212480K, 83% used [0x0000000720000000,0x000000072ad81468,0x000000072cf80000)
 Metaspace       used 6138K, capacity 6168K, committed 6272K, reserved 1056768K
  class space    used 579K, capacity 588K, committed 640K, reserved 1048576K
Event: 15.371 GC heap after
Heap after GC invocations=76 (full 12):
 PSYoungGen      total 110592K, used 15706K [0x000000078ab00000, 0x0000000796800000, 0x00000007c0000000)
  eden space 33280K, 0% used [0x000000078ab00000,0x000000078ab00000,0x000000078cb80000)
  from space 77312K, 20% used [0x0000000791900000,0x0000000792856880,0x0000000796480000)
  to   space 79360K, 0% used [0x000000078cb80000,0x000000078cb80000,0x0000000791900000)
 ParOldGen       total 212480K, used 187081K [0x0000000720000000, 0x000000072cf80000, 0x000000078ab00000)
  object space 212480K, 88% used [0x0000000720000000,0x000000072b6b2658,0x000000072cf80000)
 Metaspace       used 6138K, capacity 6168K, committed 6272K, reserved 1056768K
  class space    used 579K, capacity 588K, committed 640K, reserved 1048576K
}
Event: 15.408 GC heap before
{Heap before GC invocations=77 (full 12):
 PSYoungGen      total 110592K, used 48930K [0x000000078ab00000, 0x0000000796800000, 0x00000007c0000000)
  eden space 33280K, 99% used [0x000000078ab00000,0x000000078cb72288,0x000000078cb80000)
  from space 77312K, 20% used [0x0000000791900000,0x0000000792856880,0x0000000796480000)
  to   space 79360K, 0% used [0x000000078cb80000,0x000000078cb80000,0x0000000791900000)
 ParOldGen       total 212480K, used 187081K [0x0000000720000000, 0x000000072cf80000, 0x000000078ab00000)
  object space 212480K, 88% used [0x0000000720000000,0x000000072b6b2658,0x000000072cf80000)
 Metaspace       used 6138K, capacity 6168K, committed 6272K, reserved 1056768K
  class space    used 579K, capacity 588K, committed 640K, reserved 1048576K
Event: 15.434 GC heap after
Heap after GC invocations=77 (full 12):
 PSYoungGen      total 112640K, used 16051K [0x000000078ab00000, 0x0000000796c00000, 0x00000007c0000000)
  eden space 33280K, 0% used [0x000000078ab00000,0x000000078ab00000,0x000000078cb80000)
  from space 79360K, 20% used [0x000000078cb80000,0x000000078db2cc10,0x0000000791900000)
  to   space 80384K, 0% used [0x0000000791d80000,0x0000000791d80000,0x0000000796c00000)
 ParOldGen       total 212480K, used 187081K [0x0000000720000000, 0x000000072cf80000, 0x000000078ab00000)
  object space 212480K, 88% used [0x0000000720000000,0x000000072b6b2658,0x000000072cf80000)
 Metaspace       used 6138K, capacity 6168K, committed 6272K, reserved 1056768K
  class space    used 579K, capacity 588K, committed 640K, reserved 1048576K
}
Event: 15.473 GC heap before
{Heap before GC invocations=78 (full 12):
 PSYoungGen      total 112640K, used 49331K [0x000000078ab00000, 0x0000000796c00000, 0x00000007c0000000)
  eden space 33280K, 100% used [0x000000078ab00000,0x000000078cb80000,0x000000078cb80000)
  from space 79360K, 20% used [0x000000078cb80000,0x000000078db2cc10,0x0000000791900000)
  to   space 80384K, 0% used [0x0000000791d80000,0x0000000791d80000,0x0000000796c00000)
 ParOldGen       total 212480K, used 187081K [0x0000000720000000, 0x000000072cf80000, 0x000000078ab00000)
  object space 212480K, 88% used [0x0000000720000000,0x000000072b6b2658,0x000000072cf80000)
 Metaspace       used 6138K, capacity 6168K, committed 6272K, reserved 1056768K
  class space    used 579K, capacity 588K, committed 640K, reserved 1048576K
Event: 15.499 GC heap after
Heap after GC invocations=78 (full 12):
 PSYoungGen      total 117248K, used 16173K [0x000000078ab00000, 0x0000000796c00000, 0x00000007c0000000)
  eden space 36864K, 0% used [0x000000078ab00000,0x000000078ab00000,0x000000078cf00000)
  from space 80384K, 20% used [0x0000000791d80000,0x0000000792d4b618,0x0000000796c00000)
  to   space 80384K, 0% used [0x000000078cf00000,0x000000078cf00000,0x0000000791d80000)
 ParOldGen       total 212480K, used 187081K [0x0000000720000000, 0x000000072cf80000, 0x000000078ab00000)
  object space 212480K, 88% used [0x0000000720000000,0x000000072b6b2658,0x000000072cf80000)
 Metaspace       used 6138K, capacity 6168K, committed 6272K, reserved 1056768K
  class space    used 579K, capacity 588K, committed 640K, reserved 1048576K
}
Event: 15.581 GC heap before
{Heap before GC invocations=79 (full 12):
 PSYoungGen      total 117248K, used 53037K [0x000000078ab00000, 0x0000000796c00000, 0x00000007c0000000)
  eden space 36864K, 100% used [0x000000078ab00000,0x000000078cf00000,0x000000078cf00000)
  from space 80384K, 20% used [0x0000000791d80000,0x0000000792d4b618,0x0000000796c00000)
  to   space 80384K, 0% used [0x000000078cf00000,0x000000078cf00000,0x0000000791d80000)
 ParOldGen       total 212480K, used 187081K [0x0000000720000000, 0x000000072cf80000, 0x000000078ab00000)
  object space 212480K, 88% used [0x0000000720000000,0x000000072b6b2658,0x000000072cf80000)
 Metaspace       used 6138K, capacity 6168K, committed 6272K, reserved 1056768K
  class space    used 579K, capacity 588K, committed 640K, reserved 1048576K
Event: 15.613 GC heap after
Heap after GC invocations=79 (full 12):
 PSYoungGen      total 117248K, used 19571K [0x000000078ab00000, 0x0000000796d80000, 0x00000007c0000000)
  eden space 36864K, 0% used [0x000000078ab00000,0x000000078ab00000,0x000000078cf00000)
  from space 80384K, 24% used [0x000000078cf00000,0x000000078e21cf70,0x0000000791d80000)
  to   space 79360K, 0% used [0x0000000792000000,0x0000000792000000,0x0000000796d80000)
 ParOldGen       total 212480K, used 187081K [0x0000000720000000, 0x000000072cf80000, 0x000000078ab00000)
  object space 212480K, 88% used [0x0000000720000000,0x000000072b6b2658,0x000000072cf80000)
 Metaspace       used 6138K, capacity 6168K, committed 6272K, reserved 1056768K
  class space    used 579K, capacity 588K, committed 640K, reserved 1048576K
}
Event: 15.799 GC heap before
{Heap before GC invocations=80 (full 12):
 PSYoungGen      total 117248K, used 56435K [0x000000078ab00000, 0x0000000796d80000, 0x00000007c0000000)
  eden space 36864K, 100% used [0x000000078ab00000,0x000000078cf00000,0x000000078cf00000)
  from space 80384K, 24% used [0x000000078cf00000,0x000000078e21cf70,0x0000000791d80000)
  to   space 79360K, 0% used [0x0000000792000000,0x0000000792000000,0x0000000796d80000)
 ParOldGen       total 212480K, used 187081K [0x0000000720000000, 0x000000072cf80000, 0x000000078ab00000)
  object space 212480K, 88% used [0x0000000720000000,0x000000072b6b2658,0x000000072cf80000)
 Metaspace       used 6138K, capacity 6168K, committed 6272K, reserved 1056768K
  class space    used 579K, capacity 588K, committed 640K, reserved 1048576K
Event: 15.858 GC heap after
Heap after GC invocations=80 (full 12):
 PSYoungGen      total 112640K, used 31694K [0x000000078ab00000, 0x0000000796680000, 0x00000007c0000000)
  eden space 40448K, 0% used [0x000000078ab00000,0x000000078ab00000,0x000000078d280000)
  from space 72192K, 43% used [0x0000000792000000,0x0000000793ef39d8,0x0000000796680000)
  to   space 75776K, 0% used [0x000000078d280000,0x000000078d280000,0x0000000791c80000)
 ParOldGen       total 212480K, used 187081K [0x0000000720000000, 0x000000072cf80000, 0x000000078ab00000)
  object space 212480K, 88% used [0x0000000720000000,0x000000072b6b2658,0x000000072cf80000)
 Metaspace       used 6138K, capacity 6168K, committed 6272K, reserved 1056768K
  class space    used 579K, capacity 588K, committed 640K, reserved 1048576K
}
Event: 16.033 GC heap before
{Heap before GC invocations=81 (full 12):
 PSYoungGen      total 112640K, used 72142K [0x000000078ab00000, 0x0000000796680000, 0x00000007c0000000)
  eden space 40448K, 100% used [0x000000078ab00000,0x000000078d280000,0x000000078d280000)
  from space 72192K, 43% used [0x0000000792000000,0x0000000793ef39d8,0x0000000796680000)
  to   space 75776K, 0% used [0x000000078d280000,0x000000078d280000,0x0000000791c80000)
 ParOldGen       total 212480K, used 187081K [0x0000000720000000, 0x000000072cf80000, 0x000000078ab00000)
  object space 212480K, 88% used [0x0000000720000000,0x000000072b6b2658,0x000000072cf80000)
 Metaspace       used 6138K, capacity 6168K, committed 6272K, reserved 1056768K
  class space    used 579K, capacity 588K, committed 640K, reserved 1048576K
Event: 16.099 GC heap after
Heap after GC invocations=81 (full 12):
 PSYoungGen      total 116224K, used 38726K [0x000000078ab00000, 0x0000000796500000, 0x00000007c0000000)
  eden space 40448K, 0% used [0x000000078ab00000,0x000000078ab00000,0x000000078d280000)
  from space 75776K, 51% used [0x000000078d280000,0x000000078f851a98,0x0000000791c80000)
  to   space 73216K, 0% used [0x0000000791d80000,0x0000000791d80000,0x0000000796500000)
 ParOldGen       total 212480K, used 187081K [0x0000000720000000, 0x000000072cf80000, 0x000000078ab00000)
  object space 212480K, 88% used [0x0000000720000000,0x000000072b6b2658,0x000000072cf80000)
 Metaspace       used 6138K, capacity 6168K, committed 6272K, reserved 1056768K
  class space    used 579K, capacity 588K, committed 640K, reserved 1048576K
}
Event: 16.147 GC heap before
{Heap before GC invocations=82 (full 12):
 PSYoungGen      total 116224K, used 79174K [0x000000078ab00000, 0x0000000796500000, 0x00000007c0000000)
  eden space 40448K, 100% used [0x000000078ab00000,0x000000078d280000,0x000000078d280000)
  from space 75776K, 51% used [0x000000078d280000,0x000000078f851a98,0x0000000791c80000)
  to   space 73216K, 0% used [0x0000000791d80000,0x0000000791d80000,0x0000000796500000)
 ParOldGen       total 212480K, used 187081K [0x0000000720000000, 0x000000072cf80000, 0x000000078ab00000)
  object space 212480K, 88% used [0x0000000720000000,0x000000072b6b2658,0x000000072cf80000)
 Metaspace       used 6138K, capacity 6168K, committed 6272K, reserved 1056768K
  class space    used 579K, capacity 588K, committed 640K, reserved 1048576K
Event: 16.230 GC heap after
Heap after GC invocations=82 (full 12):
 PSYoungGen      total 112128K, used 37529K [0x000000078ab00000, 0x0000000795f80000, 0x00000007c0000000)
  eden space 44544K, 0% used [0x000000078ab00000,0x000000078ab00000,0x000000078d680000)
  from space 67584K, 55% used [0x0000000791d80000,0x00000007942266c8,0x0000000795f80000)
  to   space 70144K, 0% used [0x000000078d680000,0x000000078d680000,0x0000000791b00000)
 ParOldGen       total 212480K, used 187081K [0x0000000720000000, 0x000000072cf80000, 0x000000078ab00000)
  object space 212480K, 88% used [0x0000000720000000,0x000000072b6b2658,0x000000072cf80000)
 Metaspace       used 6138K, capacity 6168K, committed 6272K, reserved 1056768K
  class space    used 579K, capacity 588K, committed 640K, reserved 1048576K
}
Event: 16.432 GC heap before
{Heap before GC invocations=83 (full 12):
 PSYoungGen      total 112128K, used 82073K [0x000000078ab00000, 0x0000000795f80000, 0x00000007c0000000)
  eden space 44544K, 100% used [0x000000078ab00000,0x000000078d680000,0x000000078d680000)
  from space 67584K, 55% used [0x0000000791d80000,0x00000007942266c8,0x0000000795f80000)
  to   space 70144K, 0% used [0x000000078d680000,0x000000078d680000,0x0000000791b00000)
 ParOldGen       total 212480K, used 187081K [0x0000000720000000, 0x000000072cf80000, 0x000000078ab00000)
  object space 212480K, 88% used [0x0000000720000000,0x000000072b6b2658,0x000000072cf80000)
 Metaspace       used 6138K, capacity 6168K, committed 6272K, reserved 1056768K
  class space    used 579K, capacity 588K, committed 640K, reserved 1048576K
Event: 16.530 GC heap after
Heap after GC invocations=83 (full 12):
 PSYoungGen      total 114688K, used 48872K [0x000000078ab00000, 0x0000000796600000, 0x00000007c0000000)
  eden space 44544K, 0% used [0x000000078ab00000,0x000000078ab00000,0x000000078d680000)
  from space 70144K, 69% used [0x000000078d680000,0x000000079063a148,0x0000000791b00000)
  to   space 71168K, 0% used [0x0000000792080000,0x0000000792080000,0x0000000796600000)
 ParOldGen       total 212480K, used 187081K [0x0000000720000000, 0x000000072cf80000, 0x000000078ab00000)
  object space 212480K, 88% used [0x0000000720000000,0x000000072b6b2658,0x000000072cf80000)
 Metaspace       used 6138K, capacity 6168K, committed 6272K, reserved 1056768K
  class space    used 579K, capacity 588K, committed 640K, reserved 1048576K
}
Event: 16.729 GC heap before
{Heap before GC invocations=84 (full 12):
 PSYoungGen      total 114688K, used 93416K [0x000000078ab00000, 0x0000000796600000, 0x00000007c0000000)
  eden space 44544K, 100% used [0x000000078ab00000,0x000000078d680000,0x000000078d680000)
  from space 70144K, 69% used [0x000000078d680000,0x000000079063a148,0x0000000791b00000)
  to   space 71168K, 0% used [0x0000000792080000,0x0000000792080000,0x0000000796600000)
 ParOldGen       total 212480K, used 187081K [0x0000000720000000, 0x000000072cf80000, 0x000000078ab00000)
  object space 212480K, 88% used [0x0000000720000000,0x000000072b6b2658,0x000000072cf80000)
 Metaspace       used 6138K, capacity 6168K, committed 6272K, reserved 1056768K
  class space    used 579K, capacity 588K, committed 640K, reserved 1048576K
Event: 16.835 GC heap after
Heap after GC invocations=84 (full 12):
 PSYoungGen      total 115712K, used 59191K [0x000000078ab00000, 0x0000000796f00000, 0x00000007c0000000)
  eden space 44544K, 0% used [0x000000078ab00000,0x000000078ab00000,0x000000078d680000)
  from space 71168K, 83% used [0x0000000792080000,0x0000000795a4dc88,0x0000000796600000)
  to   space 75776K, 0% used [0x000000078d680000,0x000000078d680000,0x0000000792080000)
 ParOldGen       total 212480K, used 187081K [0x0000000720000000, 0x000000072cf80000, 0x000000078ab00000)
  object space 212480K, 88% used [0x0000000720000000,0x000000072b6b2658,0x000000072cf80000)
 Metaspace       used 6138K, capacity 6168K, committed 6272K, reserved 1056768K
  class space    used 579K, capacity 588K, committed 640K, reserved 1048576K
}
Event: 17.038 GC heap before
{Heap before GC invocations=85 (full 12):
 PSYoungGen      total 115712K, used 103735K [0x000000078ab00000, 0x0000000796f00000, 0x00000007c0000000)
  eden space 44544K, 100% used [0x000000078ab00000,0x000000078d680000,0x000000078d680000)
  from space 71168K, 83% used [0x0000000792080000,0x0000000795a4dc88,0x0000000796600000)
  to   space 75776K, 0% used [0x000000078d680000,0x000000078d680000,0x0000000792080000)
 ParOldGen       total 212480K, used 187081K [0x0000000720000000, 0x000000072cf80000, 0x000000078ab00000)
  object space 212480K, 88% used [0x0000000720000000,0x000000072b6b2658,0x000000072cf80000)
 Metaspace       used 6138K, capacity 6168K, committed 6272K, reserved 1056768K
  class space    used 579K, capacity 588K, committed 640K, reserved 1048576K
Event: 17.156 GC heap after
Heap after GC invocations=85 (full 12):
 PSYoungGen      total 120320K, used 62017K [0x000000078ab00000, 0x0000000797900000, 0x00000007c0000000)
  eden space 44544K, 0% used [0x000000078ab00000,0x000000078ab00000,0x000000078d680000)
  from space 75776K, 81% used [0x000000078d680000,0x0000000791310450,0x0000000792080000)
  to   space 80896K, 0% used [0x0000000792a00000,0x0000000792a00000,0x0000000797900000)
 ParOldGen       total 212480K, used 193343K [0x0000000720000000, 0x000000072cf80000, 0x000000078ab00000)
  object space 212480K, 90% used [0x0000000720000000,0x000000072bccfc50,0x000000072cf80000)
 Metaspace       used 6138K, capacity 6168K, committed 6272K, reserved 1056768K
  class space    used 579K, capacity 588K, committed 640K, reserved 1048576K
}
Event: 17.370 GC heap before
{Heap before GC invocations=86 (full 12):
 PSYoungGen      total 120320K, used 106561K [0x000000078ab00000, 0x0000000797900000, 0x00000007c0000000)
  eden space 44544K, 100% used [0x000000078ab00000,0x000000078d680000,0x000000078d680000)
  from space 75776K, 81% used [0x000000078d680000,0x0000000791310450,0x0000000792080000)
  to   space 80896K, 0% used [0x0000000792a00000,0x0000000792a00000,0x0000000797900000)
 ParOldGen       total 212480K, used 193343K [0x0000000720000000, 0x000000072cf80000, 0x000000078ab00000)
  object space 212480K, 90% used [0x0000000720000000,0x000000072bccfc50,0x000000072cf80000)
 Metaspace       used 6138K, capacity 6168K, committed 6272K, reserved 1056768K
  class space    used 579K, capacity 588K, committed 640K, reserved 1048576K
Event: 17.497 GC heap after
Heap after GC invocations=86 (full 12):
 PSYoungGen      total 125440K, used 65542K [0x000000078ab00000, 0x0000000798200000, 0x00000007c0000000)
  eden space 44544K, 0% used [0x000000078ab00000,0x000000078ab00000,0x000000078d680000)
  from space 80896K, 81% used [0x0000000792a00000,0x0000000796a01b88,0x0000000797900000)
  to   space 85504K, 0% used [0x000000078d680000,0x000000078d680000,0x0000000792a00000)
 ParOldGen       total 212480K, used 197891K [0x0000000720000000, 0x000000072cf80000, 0x000000078ab00000)
  object space 212480K, 93% used [0x0000000720000000,0x000000072c140f28,0x000000072cf80000)
 Metaspace       used 6138K, capacity 6168K, committed 6272K, reserved 1056768K
  class space    used 579K, capacity 588K, committed 640K, reserved 1048576K
}
Event: 17.709 GC heap before
{Heap before GC invocations=87 (full 12):
 PSYoungGen      total 125440K, used 110086K [0x000000078ab00000, 0x0000000798200000, 0x00000007c0000000)
  eden space 44544K, 100% used [0x000000078ab00000,0x000000078d680000,0x000000078d680000)
  from space 80896K, 81% used [0x0000000792a00000,0x0000000796a01b88,0x0000000797900000)
  to   space 85504K, 0% used [0x000000078d680000,0x000000078d680000,0x0000000792a00000)
 ParOldGen       total 212480K, used 197891K [0x0000000720000000, 0x000000072cf80000, 0x000000078ab00000)
  object space 212480K, 93% used [0x0000000720000000,0x000000072c140f28,0x000000072cf80000)
 Metaspace       used 6138K, capacity 6168K, committed 6272K, reserved 1056768K
  class space    used 579K, capacity 588K, committed 640K, reserved 1048576K
Event: 17.838 GC heap after
Heap after GC invocations=87 (full 12):
 PSYoungGen      total 130048K, used 71873K [0x000000078ab00000, 0x0000000798e00000, 0x00000007c0000000)
  eden space 44544K, 0% used [0x000000078ab00000,0x000000078ab00000,0x000000078d680000)
  from space 85504K, 84% used [0x000000078d680000,0x0000000791cb0710,0x0000000792a00000)
  to   space 91648K, 0% used [0x0000000793480000,0x0000000793480000,0x0000000798e00000)
 ParOldGen       total 212480K, used 198875K [0x0000000720000000, 0x000000072cf80000, 0x000000078ab00000)
  object space 212480K, 93% used [0x0000000720000000,0x000000072c236f28,0x000000072cf80000)
 Metaspace       used 6138K, capacity 6168K, committed 6272K, reserved 1056768K
  class space    used 579K, capacity 588K, committed 640K, reserved 1048576K
}
Event: 18.053 GC heap before
{Heap before GC invocations=88 (full 12):
 PSYoungGen      total 130048K, used 116417K [0x000000078ab00000, 0x0000000798e00000, 0x00000007c0000000)
  eden space 44544K, 100% used [0x000000078ab00000,0x000000078d680000,0x000000078d680000)
  from space 85504K, 84% used [0x000000078d680000,0x0000000791cb0710,0x0000000792a00000)
  to   space 91648K, 0% used [0x0000000793480000,0x0000000793480000,0x0000000798e00000)
 ParOldGen       total 212480K, used 198875K [0x0000000720000000, 0x000000072cf80000, 0x000000078ab00000)
  object space 212480K, 93% used [0x0000000720000000,0x000000072c236f28,0x000000072cf80000)
 Metaspace       used 6138K, capacity 6168K, committed 6272K, reserved 1056768K
  class space    used 579K, capacity 588K, committed 640K, reserved 1048576K
Event: 18.222 GC heap after
Heap after GC invocations=88 (full 12):
 PSYoungGen      total 133120K, used 80296K [0x000000078ab00000, 0x0000000799d00000, 0x00000007c0000000)
  eden space 41472K, 0% used [0x000000078ab00000,0x000000078ab00000,0x000000078d380000)
  from space 91648K, 87% used [0x0000000793480000,0x00000007982ea360,0x0000000798e00000)
  to   space 99328K, 0% used [0x000000078d380000,0x000000078d380000,0x0000000793480000)
 ParOldGen       total 212480K, used 198891K [0x0000000720000000, 0x000000072cf80000, 0x000000078ab00000)
  object space 212480K, 93% used [0x0000000720000000,0x000000072c23af28,0x000000072cf80000)
 Metaspace       used 6138K, capacity 6168K, committed 6272K, reserved 1056768K
  class space    used 579K, capacity 588K, committed 640K, reserved 1048576K
}
Event: 18.412 GC heap before
{Heap before GC invocations=89 (full 12):
 PSYoungGen      total 133120K, used 121768K [0x000000078ab00000, 0x0000000799d00000, 0x00000007c0000000)
  eden space 41472K, 100% used [0x000000078ab00000,0x000000078d380000,0x000000078d380000)
  from space 91648K, 87% used [0x0000000793480000,0x00000007982ea360,0x0000000798e00000)
  to   space 99328K, 0% used [0x000000078d380000,0x000000078d380000,0x0000000793480000)
 ParOldGen       total 212480K, used 198891K [0x0000000720000000, 0x000000072cf80000, 0x000000078ab00000)
  object space 212480K, 93% used [0x0000000720000000,0x000000072c23af28,0x000000072cf80000)
 Metaspace       used 6139K, capacity 6168K, committed 6272K, reserved 1056768K
  class space    used 579K, capacity 588K, committed 640K, reserved 1048576K
Event: 18.582 GC heap after
Heap after GC invocations=89 (full 12):
 PSYoungGen      total 140800K, used 88990K [0x000000078ab00000, 0x000000079ad00000, 0x00000007c0000000)
  eden space 41472K, 0% used [0x000000078ab00000,0x000000078ab00000,0x000000078d380000)
  from space 99328K, 89% used [0x000000078d380000,0x0000000792a67970,0x0000000793480000)
  to   space 109056K, 0% used [0x0000000794280000,0x0000000794280000,0x000000079ad00000)
 ParOldGen       total 212480K, used 198907K [0x0000000720000000, 0x000000072cf80000, 0x000000078ab00000)
  object space 212480K, 93% used [0x0000000720000000,0x000000072c23ef28,0x000000072cf80000)
 Metaspace       used 6139K, capacity 6168K, committed 6272K, reserved 1056768K
  class space    used 579K, capacity 588K, committed 640K, reserved 1048576K
}
Event: 18.754 GC heap before
{Heap before GC invocations=90 (full 12):
 PSYoungGen      total 140800K, used 130462K [0x000000078ab00000, 0x000000079ad00000, 0x00000007c0000000)
  eden space 41472K, 100% used [0x000000078ab00000,0x000000078d380000,0x000000078d380000)
  from space 99328K, 89% used [0x000000078d380000,0x0000000792a67970,0x0000000793480000)
  to   space 109056K, 0% used [0x0000000794280000,0x0000000794280000,0x000000079ad00000)
 ParOldGen       total 212480K, used 198907K [0x0000000720000000, 0x000000072cf80000, 0x000000078ab00000)
  object space 212480K, 93% used [0x0000000720000000,0x000000072c23ef28,0x000000072cf80000)
 Metaspace       used 6139K, capacity 6168K, committed 6272K, reserved 1056768K
  class space    used 579K, capacity 588K, committed 640K, reserved 1048576K
Event: 18.947 GC heap after
Heap after GC invocations=90 (full 12):
 PSYoungGen      total 144896K, used 97127K [0x000000078ab00000, 0x000000079c100000, 0x00000007c0000000)
  eden space 35840K, 0% used [0x000000078ab00000,0x000000078ab00000,0x000000078ce00000)
  from space 109056K, 89% used [0x0000000794280000,0x000000079a159dc0,0x000000079ad00000)
  to   space 119296K, 0% used [0x000000078ce00000,0x000000078ce00000,0x0000000794280000)
 ParOldGen       total 212480K, used 198923K [0x0000000720000000, 0x000000072cf80000, 0x000000078ab00000)
  object space 212480K, 93% used [0x0000000720000000,0x000000072c242f28,0x000000072cf80000)
 Metaspace       used 6139K, capacity 6168K, committed 6272K, reserved 1056768K
  class space    used 579K, capacity 588K, committed 640K, reserved 1048576K
}
Event: 19.096 GC heap before
{Heap before GC invocations=91 (full 12):
 PSYoungGen      total 144896K, used 132967K [0x000000078ab00000, 0x000000079c100000, 0x00000007c0000000)
  eden space 35840K, 100% used [0x000000078ab00000,0x000000078ce00000,0x000000078ce00000)
  from space 109056K, 89% used [0x0000000794280000,0x000000079a159dc0,0x000000079ad00000)
  to   space 119296K, 0% used [0x000000078ce00000,0x000000078ce00000,0x0000000794280000)
 ParOldGen       total 212480K, used 198923K [0x0000000720000000, 0x000000072cf80000, 0x000000078ab00000)
  object space 212480K, 93% used [0x0000000720000000,0x000000072c242f28,0x000000072cf80000)
 Metaspace       used 6141K, capacity 6168K, committed 6272K, reserved 1056768K
  class space    used 579K, capacity 588K, committed 640K, reserved 1048576K
Event: 19.316 GC heap after
Heap after GC invocations=91 (full 12):
 PSYoungGen      total 155136K, used 99703K [0x000000078ab00000, 0x000000079cd00000, 0x00000007c0000000)
  eden space 35840K, 0% used [0x000000078ab00000,0x000000078ab00000,0x000000078ce00000)
  from space 119296K, 83% used [0x000000078ce00000,0x0000000792f5df00,0x0000000794280000)
  to   space 128512K, 0% used [0x0000000794f80000,0x0000000794f80000,0x000000079cd00000)
 ParOldGen       total 212480K, used 200794K [0x0000000720000000, 0x000000072cf80000, 0x000000078ab00000)
  object space 212480K, 94% used [0x0000000720000000,0x000000072c416928,0x000000072cf80000)
 Metaspace       used 6141K, capacity 6168K, committed 6272K, reserved 1056768K
  class space    used 579K, capacity 588K, committed 640K, reserved 1048576K
}
Event: 19.514 GC heap before
{Heap before GC invocations=92 (full 12):
 PSYoungGen      total 155136K, used 135543K [0x000000078ab00000, 0x000000079cd00000, 0x00000007c0000000)
  eden space 35840K, 100% used [0x000000078ab00000,0x000000078ce00000,0x000000078ce00000)
  from space 119296K, 83% used [0x000000078ce00000,0x0000000792f5df00,0x0000000794280000)
  to   space 128512K, 0% used [0x0000000794f80000,0x0000000794f80000,0x000000079cd00000)
 ParOldGen       total 212480K, used 200794K [0x0000000720000000, 0x000000072cf80000, 0x000000078ab00000)
  object space 212480K, 94% used [0x0000000720000000,0x000000072c416928,0x000000072cf80000)
 Metaspace       used 6141K, capacity 6168K, committed 6272K, reserved 1056768K
  class space    used 579K, capacity 588K, committed 640K, reserved 1048576K
Event: 19.717 GC heap after
Heap after GC invocations=92 (full 12):
 PSYoungGen      total 158720K, used 106077K [0x000000078ab00000, 0x000000079e000000, 0x00000007c0000000)
  eden space 30208K, 0% used [0x000000078ab00000,0x000000078ab00000,0x000000078c880000)
  from space 128512K, 82% used [0x0000000794f80000,0x000000079b717708,0x000000079cd00000)
  to   space 138240K, 0% used [0x000000078c880000,0x000000078c880000,0x0000000794f80000)
 ParOldGen       total 212480K, used 201874K [0x0000000720000000, 0x000000072cf80000, 0x000000078ab00000)
  object space 212480K, 95% used [0x0000000720000000,0x000000072c524b68,0x000000072cf80000)
 Metaspace       used 6141K, capacity 6168K, committed 6272K, reserved 1056768K
  class space    used 579K, capacity 588K, committed 640K, reserved 1048576K
}
Event: 19.865 GC heap before
{Heap before GC invocations=93 (full 12):
 PSYoungGen      total 158720K, used 136285K [0x000000078ab00000, 0x000000079e000000, 0x00000007c0000000)
  eden space 30208K, 100% used [0x000000078ab00000,0x000000078c880000,0x000000078c880000)
  from space 128512K, 82% used [0x0000000794f80000,0x000000079b717708,0x000000079cd00000)
  to   space 138240K, 0% used [0x000000078c880000,0x000000078c880000,0x0000000794f80000)
 ParOldGen       total 212480K, used 201874K [0x0000000720000000, 0x000000072cf80000, 0x000000078ab00000)
  object space 212480K, 95% used [0x0000000720000000,0x000000072c524b68,0x000000072cf80000)
 Metaspace       used 6141K, capacity 6168K, committed 6272K, reserved 1056768K
  class space    used 579K, capacity 588K, committed 640K, reserved 1048576K
Event: 20.070 GC heap after
Heap after GC invocations=93 (full 12):
 PSYoungGen      total 168448K, used 110347K [0x000000078ab00000, 0x000000079eb00000, 0x00000007c0000000)
  eden space 30208K, 0% used [0x000000078ab00000,0x000000078ab00000,0x000000078c880000)
  from space 138240K, 79% used [0x000000078c880000,0x0000000793442d10,0x0000000794f80000)
  to   space 146944K, 0% used [0x0000000795b80000,0x0000000795b80000,0x000000079eb00000)
 ParOldGen       total 212480K, used 202654K [0x0000000720000000, 0x000000072cf80000, 0x000000078ab00000)
  object space 212480K, 95% used [0x0000000720000000,0x000000072c5e7968,0x000000072cf80000)
 Metaspace       used 6141K, capacity 6168K, committed 6272K, reserved 1056768K
  class space    used 579K, capacity 588K, committed 640K, reserved 1048576K
}
Event: 20.222 GC heap before
{Heap before GC invocations=94 (full 12):
 PSYoungGen      total 168448K, used 140555K [0x000000078ab00000, 0x000000079eb00000, 0x00000007c0000000)
  eden space 30208K, 100% used [0x000000078ab00000,0x000000078c880000,0x000000078c880000)
  from space 138240K, 79% used [0x000000078c880000,0x0000000793442d10,0x0000000794f80000)
  to   space 146944K, 0% used [0x0000000795b80000,0x0000000795b80000,0x000000079eb00000)
 ParOldGen       total 212480K, used 202654K [0x0000000720000000, 0x000000072cf80000, 0x000000078ab00000)
  object space 212480K, 95% used [0x0000000720000000,0x000000072c5e7968,0x000000072cf80000)
 Metaspace       used 6141K, capacity 6168K, committed 6272K, reserved 1056768K
  class space    used 579K, capacity 588K, committed 640K, reserved 1048576K
Event: 20.451 GC heap after
Heap after GC invocations=94 (full 12):
 PSYoungGen      total 176640K, used 103140K [0x000000078ab00000, 0x000000079f300000, 0x00000007c0000000)
  eden space 29696K, 0% used [0x000000078ab00000,0x000000078ab00000,0x000000078c800000)
  from space 146944K, 70% used [0x0000000795b80000,0x000000079c039378,0x000000079eb00000)
  to   space 151040K, 0% used [0x000000078c800000,0x000000078c800000,0x0000000795b80000)
 ParOldGen       total 216576K, used 216250K [0x0000000720000000, 0x000000072d380000, 0x000000078ab00000)
  object space 216576K, 99% used [0x0000000720000000,0x000000072d32ea28,0x000000072d380000)
 Metaspace       used 6141K, capacity 6168K, committed 6272K, reserved 1056768K
  class space    used 579K, capacity 588K, committed 640K, reserved 1048576K
}
Event: 20.451 GC heap before
{Heap before GC invocations=95 (full 13):
 PSYoungGen      total 176640K, used 103140K [0x000000078ab00000, 0x000000079f300000, 0x00000007c0000000)
  eden space 29696K, 0% used [0x000000078ab00000,0x000000078ab00000,0x000000078c800000)
  from space 146944K, 70% used [0x0000000795b80000,0x000000079c039378,0x000000079eb00000)
  to   space 151040K, 0% used [0x000000078c800000,0x000000078c800000,0x0000000795b80000)
 ParOldGen       total 216576K, used 216250K [0x0000000720000000, 0x000000072d380000, 0x000000078ab00000)
  object space 216576K, 99% used [0x0000000720000000,0x000000072d32ea28,0x000000072d380000)
 Metaspace       used 6141K, capacity 6168K, committed 6272K, reserved 1056768K
  class space    used 579K, capacity 588K, committed 640K, reserved 1048576K

